  t(ticks) ;   id_viat ;   destino ;   t_estac ;   t_vida ;   observs
     20693 ;         1 ;         N ;     20000 ;        ? ;   Entrou!
     31267 ;         1 ;         N ;     20000 ;     10574 ; Saiu!
     20753 ;         2 ;         W ;     10000 ;        ? ;   Entrou!
     37177 ;         2 ;         W ;     10000 ;     16424 ; Saiu!
     40781 ;         3 ;         S ;     10000 ;        ? ;   Entrou!
     46139 ;         3 ;         S ;     10000 ;      5358 ; Saiu!
     50830 ;         4 ;         E ;     50000 ;        ? ;   Entrou!
     76608 ;         4 ;         E ;     50000 ;     25778 ; Saiu!
     70864 ;         5 ;         N ;     20000 ;        ? ;   Entrou!
     93434 ;         5 ;         N ;     20000 ;     22570 ; Saiu!
     80905 ;         6 ;         S ;     50000 ;        ? ;   Entrou!
    119622 ;         6 ;         S ;     50000 ;     38717 ; Saiu!
    100948 ;         7 ;         E ;    100000 ;        ? ;   Entrou!
    167060 ;         7 ;         E ;    100000 ;     66112 ; Saiu!
    111040 ;         9 ;         E ;     30000 ;        ? ;   Entrou!
    101552 ;         8 ;         S ;     60000 ;        ? ;   Entrou!
    121079 ;        10 ;         E ;     90000 ;        ? ;   Cheio!
    121114 ;        11 ;         S ;     40000 ;        ? ;   Cheio!
    121160 ;        12 ;         W ;     70000 ;        ? ;   Cheio!
    131204 ;        13 ;         N ;     80000 ;        ? ;   Cheio!
    141274 ;        14 ;         N ;     70000 ;        ? ;   Cheio!
    141314 ;        15 ;         S ;     50000 ;        ? ;   Cheio!
    144315 ;        16 ;         S ;    100000 ;        ? ;   Cheio!
    151626 ;        17 ;         E ;     50000 ;        ? ;   Cheio!
    161691 ;        18 ;         S ;     60000 ;        ? ;   Cheio!
    161735 ;        19 ;         E ;     20000 ;        ? ;   Cheio!
    171867 ;        21 ;         W ;     30000 ;        ? ;   Cheio!
    177955 ;         9 ;         E ;     30000 ;     66915 ; Saiu!
    171768 ;        20 ;         E ;     80000 ;        ? ;   Entrou!
    191016 ;         8 ;         S ;     60000 ;     89464 ; Saiu!
    223942 ;        20 ;         E ;     80000 ;     52174 ; Saiu!
    191815 ;        22 ;         S ;     20000 ;        ? ;   Entrou!
    234474 ;        22 ;         S ;     20000 ;     42659 ; Saiu!
    201961 ;        24 ;         N ;     90000 ;        ? ;   Entrou!
    280538 ;        24 ;         N ;     90000 ;     78577 ; Saiu!
    212051 ;        26 ;         S ;    100000 ;        ? ;   Entrou!
    329412 ;        26 ;         S ;    100000 ;    117361 ; Saiu!
    222148 ;        28 ;         S ;    100000 ;        ? ;   Entrou!
    201907 ;        23 ;         N ;     10000 ;        ? ;   Entrou!
    232184 ;        29 ;         N ;     40000 ;        ? ;   Cheio!
    201975 ;        25 ;         E ;     40000 ;        ? ;   Cheio!
    252240 ;        30 ;         N ;     40000 ;        ? ;   Cheio!
    262345 ;        31 ;         N ;     70000 ;        ? ;   Cheio!
    222121 ;        27 ;         N ;     20000 ;        ? ;   Cheio!
    282380 ;        32 ;         S ;     60000 ;        ? ;   Cheio!
    282415 ;        33 ;         E ;     10000 ;        ? ;   Cheio!
    282436 ;        34 ;         N ;     30000 ;        ? ;   Cheio!
    282452 ;        35 ;         W ;     70000 ;        ? ;   Cheio!
    292496 ;        36 ;         S ;     40000 ;        ? ;   Cheio!
    303394 ;        37 ;         S ;    100000 ;        ? ;   Cheio!
    323864 ;        38 ;         S ;     30000 ;        ? ;   Cheio!
    378656 ;        28 ;         S ;    100000 ;    156508 ; Saiu!
    378758 ;        23 ;         N ;     10000 ;    176851 ; Saiu!
    342675 ;        39 ;         E ;     20000 ;        ? ;   Entrou!
    342700 ;        40 ;         W ;     60000 ;        ? ;   Entrou!
    352738 ;        41 ;         S ;     40000 ;        ? ;   Cheio!
    352759 ;        42 ;         S ;     30000 ;        ? ;   Cheio!
    372806 ;        43 ;         W ;     70000 ;        ? ;   Cheio!
    386047 ;        39 ;         E ;     20000 ;     43372 ; Saiu!
    406839 ;        40 ;         W ;     60000 ;     64139 ; Saiu!
    392848 ;        44 ;         W ;     50000 ;        ? ;   Entrou!
    432364 ;        44 ;         W ;     50000 ;     39516 ; Saiu!
    402897 ;        46 ;         N ;     40000 ;        ? ;   Entrou!
    452836 ;        46 ;         N ;     40000 ;     49939 ; Saiu!
    402940 ;        48 ;         S ;     90000 ;        ? ;   Entrou!
    392868 ;        45 ;         E ;     60000 ;        ? ;   Entrou!
    412998 ;        49 ;         S ;     30000 ;        ? ;   Cheio!
    423063 ;        50 ;         W ;     80000 ;        ? ;   Cheio!
    423088 ;        51 ;         W ;     10000 ;        ? ;   Cheio!
    402913 ;        47 ;         W ;     10000 ;        ? ;   Cheio!
    443125 ;        52 ;         E ;     50000 ;        ? ;   Cheio!
    443180 ;        53 ;         W ;    100000 ;        ? ;   Cheio!
    453198 ;        54 ;         E ;     80000 ;        ? ;   Cheio!
    453233 ;        55 ;         W ;    100000 ;        ? ;   Cheio!
    489808 ;        48 ;         S ;     90000 ;     86868 ; Saiu!
    473268 ;        56 ;         N ;     80000 ;        ? ;   Entrou!
    473288 ;        57 ;         E ;     50000 ;        ? ;   Entrou!
    473301 ;        58 ;         E ;    100000 ;        ? ;   Cheio!
    473313 ;        59 ;         N ;     50000 ;        ? ;   Cheio!
    493474 ;        45 ;         E ;     60000 ;    100606 ; Saiu!
    493529 ;        61 ;         S ;     20000 ;        ? ;   Cheio!
    522044 ;        56 ;         N ;     80000 ;     48776 ; Saiu!
    483356 ;        60 ;         S ;     50000 ;        ? ;   Entrou!
    550920 ;        60 ;         S ;     50000 ;     67564 ; Saiu!
    503468 ;        63 ;         W ;     40000 ;        ? ;   Entrou!
    573247 ;        63 ;         W ;     40000 ;     69779 ; Saiu!
    573293 ;        57 ;         E ;     50000 ;    100005 ; Saiu!
    503521 ;        65 ;         W ;     20000 ;        ? ;   Entrou!
    583925 ;        65 ;         W ;     20000 ;     80404 ; Saiu!
    523580 ;        67 ;         N ;     10000 ;        ? ;   Entrou!
    589270 ;        67 ;         N ;     10000 ;     65690 ; Saiu!
    523652 ;        69 ;         W ;     50000 ;        ? ;   Entrou!
    611687 ;        69 ;         W ;     50000 ;     88035 ; Saiu!
    543703 ;        70 ;         E ;    100000 ;        ? ;   Entrou!
    661379 ;        70 ;         E ;    100000 ;    117676 ; Saiu!
    554728 ;        71 ;         S ;     70000 ;        ? ;   Entrou!
    563807 ;        72 ;         N ;     70000 ;        ? ;   Entrou!
    563898 ;        73 ;         S ;     60000 ;        ? ;   Cheio!
    573856 ;        74 ;         W ;     60000 ;        ? ;   Cheio!
    573932 ;        75 ;         W ;     90000 ;        ? ;   Cheio!
    522231 ;        66 ;         N ;     40000 ;        ? ;   Cheio!
    584087 ;        76 ;         S ;     20000 ;        ? ;   Cheio!
    523621 ;        68 ;         S ;     90000 ;        ? ;   Cheio!
    503434 ;        62 ;         N ;     20000 ;        ? ;   Cheio!
    604214 ;        77 ;         W ;    100000 ;        ? ;   Cheio!
    604243 ;        78 ;         E ;     50000 ;        ? ;   Cheio!
    606213 ;        79 ;         S ;     50000 ;        ? ;   Cheio!
    674799 ;        91 ;         N ;    100000 ;        ? ;   Cheio!
    503502 ;        64 ;         N ;     60000 ;        ? ;   Cheio!
    614540 ;        80 ;         S ;     50000 ;        ? ;   Cheio!
    624376 ;        81 ;         N ;    100000 ;        ? ;   Cheio!
    624534 ;        83 ;         W ;     30000 ;        ? ;   Cheio!
    624430 ;        82 ;         W ;     40000 ;        ? ;   Cheio!
    634525 ;        84 ;         N ;     50000 ;        ? ;   Cheio!
    634578 ;        85 ;         N ;     80000 ;        ? ;   Cheio!
    634610 ;        86 ;         N ;     30000 ;        ? ;   Cheio!
    634642 ;        87 ;         W ;    100000 ;        ? ;   Entrou!
    644699 ;        88 ;         N ;     10000 ;        ? ;   Cheio!
    687061 ;        71 ;         S ;     70000 ;    132333 ; Saiu!
    674751 ;        89 ;         S ;     80000 ;        ? ;   Cheio!
    674780 ;        90 ;         E ;     50000 ;        ? ;   Cheio!
    675480 ;        92 ;         N ;     10000 ;        ? ;   Cheio!
    684848 ;        93 ;         E ;     40000 ;        ? ;   Cheio!
    688220 ;        72 ;         N ;     70000 ;    124413 ; Saiu!
    736748 ;        87 ;         W ;    100000 ;    102106 ; Saiu!
    704888 ;        94 ;         S ;     60000 ;        ? ;   Entrou!
    704912 ;        95 ;         S ;    100000 ;        ? ;   Entrou!
    704930 ;        96 ;         S ;     80000 ;        ? ;   Cheio!
    714961 ;        97 ;         W ;     90000 ;        ? ;   Cheio!
    745068 ;        99 ;         W ;     80000 ;        ? ;   Cheio!
    732864 ;        98 ;         E ;     30000 ;        ? ;   Cheio!
    757765 ;        94 ;         S ;     60000 ;     52877 ; Saiu!
    778746 ;        95 ;         S ;    100000 ;     73834 ; Saiu!
    755104 ;       101 ;         W ;     20000 ;        ? ;   Entrou!
    789267 ;       101 ;         W ;     20000 ;     34163 ; Saiu!
    757212 ;       103 ;         W ;    100000 ;        ? ;   Entrou!
    840128 ;       103 ;         W ;    100000 ;     82916 ; Saiu!
    765192 ;       104 ;         S ;     30000 ;        ? ;   Entrou!
    856500 ;       104 ;         S ;     30000 ;     91308 ; Saiu!
    765268 ;       106 ;         S ;     80000 ;        ? ;   Entrou!
    896052 ;       106 ;         S ;     80000 ;    130784 ; Saiu!
    765315 ;       108 ;         N ;     70000 ;        ? ;   Entrou!
    755127 ;       102 ;         N ;     60000 ;        ? ;   Entrou!
    783725 ;       109 ;         S ;     60000 ;        ? ;   Cheio!
    785408 ;       110 ;         W ;     10000 ;        ? ;   Cheio!
    755077 ;       100 ;         W ;     20000 ;        ? ;   Cheio!
    807635 ;       111 ;         W ;     80000 ;        ? ;   Cheio!
    916390 ;       131 ;         E ;     40000 ;        ? ;   Entrou!
    835125 ;       113 ;         N ;     20000 ;        ? ;   Cheio!
    835678 ;       114 ;         W ;     70000 ;        ? ;   Entrou!
    765240 ;       105 ;         N ;     80000 ;        ? ;   Cheio!
    855843 ;       115 ;         E ;     80000 ;        ? ;   Cheio!
    765291 ;       107 ;         N ;     90000 ;        ? ;   Cheio!
    865803 ;       116 ;         W ;     10000 ;        ? ;   Cheio!
    865843 ;       117 ;         E ;     10000 ;        ? ;   Cheio!
    865864 ;       118 ;         S ;     70000 ;        ? ;   Cheio!
    875893 ;       119 ;         N ;     20000 ;        ? ;   Cheio!
    875958 ;       120 ;         S ;     30000 ;        ? ;   Cheio!
    876022 ;       121 ;         E ;     90000 ;        ? ;   Cheio!
    886057 ;       122 ;         E ;     40000 ;        ? ;   Cheio!
    886104 ;       123 ;         S ;     20000 ;        ? ;   Cheio!
    896187 ;       124 ;         E ;     70000 ;        ? ;   Cheio!
    896224 ;       125 ;         E ;     60000 ;        ? ;   Entrou!
    896242 ;       126 ;         S ;     50000 ;        ? ;   Cheio!
    896256 ;       127 ;         S ;     70000 ;        ? ;   Cheio!
    896287 ;       128 ;         S ;    100000 ;        ? ;   Cheio!
    896317 ;       129 ;         W ;     90000 ;        ? ;   Cheio!
    896346 ;       130 ;         E ;     20000 ;        ? ;   Cheio!
    934704 ;       108 ;         N ;     70000 ;    169389 ; Saiu!
    934961 ;       135 ;         N ;    100000 ;        ? ;   Cheio!
    935298 ;       102 ;         N ;     60000 ;    180171 ; Saiu!
    935458 ;       131 ;         E ;     40000 ;     19068 ; Saiu!
    926448 ;       132 ;         E ;     60000 ;        ? ;   Cheio!
    926470 ;       133 ;         S ;     40000 ;        ? ;   Cheio!
    948286 ;       114 ;         W ;     70000 ;    112608 ; Saiu!
    926482 ;       134 ;         N ;     60000 ;        ? ;   Entrou!
    976699 ;       134 ;         N ;     60000 ;     50217 ; Saiu!
    936507 ;       136 ;         N ;     10000 ;        ? ;   Entrou!
    982149 ;       136 ;         N ;     10000 ;     45642 ; Saiu!
    982178 ;       125 ;         E ;     60000 ;     85954 ; Saiu!
    815523 ;       112 ;         W ;     70000 ;        ? ;   Entrou!
   1017555 ;       112 ;         W ;     70000 ;    202032 ; Saiu!
    976585 ;       139 ;         E ;     80000 ;        ? ;   Entrou!
    936534 ;       137 ;         W ;     80000 ;        ? ;   Entrou!
    956947 ;       138 ;         W ;     10000 ;        ? ;   Cheio!
    996632 ;       140 ;         S ;     30000 ;        ? ;   Cheio!
    996650 ;       141 ;         E ;     70000 ;        ? ;   Cheio!
   1006680 ;       142 ;         S ;     10000 ;        ? ;   Cheio!
   1006697 ;       143 ;         S ;     10000 ;        ? ;   Cheio!
   1016746 ;       144 ;         E ;     50000 ;        ? ;   Cheio!
   1016774 ;       145 ;         N ;     50000 ;        ? ;   Cheio!
   1016800 ;       146 ;         S ;     80000 ;        ? ;   Cheio!
   1016826 ;       147 ;         S ;     70000 ;        ? ;   Cheio!
   1016855 ;       148 ;         S ;     20000 ;        ? ;   Cheio!
   1045487 ;       139 ;         E ;     80000 ;     68902 ; Saiu!
   1026880 ;       149 ;         E ;     90000 ;        ? ;   Entrou!
   1091102 ;       149 ;         E ;     90000 ;     64222 ; Saiu!
   1091233 ;       137 ;         W ;     80000 ;    154699 ; Saiu!
   1026899 ;       150 ;         E ;     20000 ;        ? ;   Entrou!
   1101719 ;       150 ;         E ;     20000 ;     74820 ; Saiu!
   1056958 ;       152 ;         S ;     50000 ;        ? ;   Entrou!
   1077034 ;       153 ;         S ;     60000 ;        ? ;   Entrou!
   1046931 ;       151 ;         S ;     40000 ;        ? ;   Cheio!
   1097070 ;       154 ;         E ;    100000 ;        ? ;   Cheio!
   1097087 ;       155 ;         W ;     70000 ;        ? ;   Cheio!
   1119382 ;       152 ;         S ;     50000 ;     62424 ; Saiu!
   1117123 ;       156 ;         S ;    100000 ;        ? ;   Entrou!
   1124330 ;       153 ;         S ;     60000 ;     47296 ; Saiu!
   1168165 ;       156 ;         S ;    100000 ;     51042 ; Saiu!
   1127187 ;       157 ;         S ;     70000 ;        ? ;   Entrou!
   1137219 ;       158 ;         S ;     40000 ;        ? ;   Entrou!
   1196969 ;       157 ;         S ;     70000 ;     69782 ; Saiu!
   1147298 ;       160 ;         E ;     70000 ;        ? ;   Entrou!
   1157359 ;       161 ;         N ;     60000 ;        ? ;   Entrou!
   1157421 ;       162 ;         E ;     50000 ;        ? ;   Cheio!
   1167466 ;       163 ;         W ;     70000 ;        ? ;   Cheio!
   1167497 ;       164 ;         N ;     70000 ;        ? ;   Cheio!
   1167525 ;       165 ;         E ;     20000 ;        ? ;   Cheio!
   1147253 ;       159 ;         E ;     10000 ;        ? ;   Cheio!
   1202528 ;       158 ;         S ;     40000 ;     65309 ; Saiu!
   1187556 ;       166 ;         N ;     10000 ;        ? ;   Cheio!
   1187593 ;       167 ;         W ;     50000 ;        ? ;   Cheio!
   1224986 ;       160 ;         E ;     70000 ;     77688 ; Saiu!
   1207614 ;       168 ;         E ;     60000 ;        ? ;   Entrou!
   1255439 ;       168 ;         E ;     60000 ;     47825 ; Saiu!
   1207644 ;       170 ;         S ;     60000 ;        ? ;   Entrou!
   1207656 ;       171 ;         N ;     80000 ;        ? ;   Entrou!
   1217702 ;       172 ;         S ;     90000 ;        ? ;   Cheio!
   1263569 ;       161 ;         N ;     60000 ;    106210 ; Saiu!
   1220239 ;       173 ;         W ;     60000 ;        ? ;   Cheio!
   1207631 ;       169 ;         N ;     20000 ;        ? ;   Cheio!
   1237751 ;       174 ;         S ;     50000 ;        ? ;   Cheio!
   1247804 ;       175 ;         N ;     70000 ;        ? ;   Cheio!
   1276499 ;       170 ;         S ;     60000 ;     68855 ; Saiu!
   1267848 ;       176 ;         S ;     90000 ;        ? ;   Entrou!
   1283465 ;       171 ;         N ;     80000 ;     75809 ; Saiu!
   1319000 ;       176 ;         S ;     90000 ;     51152 ; Saiu!
   1287882 ;       177 ;         S ;     80000 ;        ? ;   Entrou!
   1287899 ;       178 ;         E ;     40000 ;        ? ;   Entrou!
   1287910 ;       179 ;         S ;     60000 ;        ? ;   Cheio!
   1287922 ;       180 ;         W ;     50000 ;        ? ;   Cheio!
   1307952 ;       181 ;         N ;     40000 ;        ? ;   Cheio!
   1352954 ;       177 ;         S ;     80000 ;     65072 ; Saiu!
   1328061 ;       182 ;         W ;     50000 ;        ? ;   Entrou!
   1378500 ;       182 ;         W ;     50000 ;     50439 ; Saiu!
   1338012 ;       183 ;         W ;     20000 ;        ? ;   Entrou!
   1389011 ;       183 ;         W ;     20000 ;     50999 ; Saiu!
   1338040 ;       185 ;         N ;     90000 ;        ? ;   Entrou!
   1348091 ;       186 ;         E ;     40000 ;        ? ;   Entrou!
   1348118 ;       187 ;         N ;     20000 ;        ? ;   Cheio!
   1348144 ;       188 ;         S ;     80000 ;        ? ;   Cheio!
   1389917 ;       178 ;         E ;     40000 ;    102018 ; Saiu!
   1368188 ;       189 ;         S ;     70000 ;        ? ;   Cheio!
   1368239 ;       190 ;         E ;     10000 ;        ? ;   Cheio!
   1370572 ;       192 ;         N ;     60000 ;        ? ;   Cheio!
   1368262 ;       191 ;         W ;     50000 ;        ? ;   Cheio!
   1338028 ;       184 ;         S ;     30000 ;        ? ;   Cheio!
   1388307 ;       193 ;         E ;    100000 ;        ? ;   Cheio!
   1388346 ;       194 ;         E ;     10000 ;        ? ;   Cheio!
   1428992 ;       185 ;         N ;     90000 ;     90952 ; Saiu!
   1398390 ;       195 ;         N ;     10000 ;        ? ;   Entrou!
   1429459 ;       186 ;         E ;     40000 ;     81368 ; Saiu!
   1434597 ;       195 ;         N ;     10000 ;     36207 ; Saiu!
   1428503 ;       197 ;         N ;     40000 ;        ? ;   Entrou!
   1455619 ;       197 ;         N ;     40000 ;     27116 ; Saiu!
   1408433 ;       196 ;         E ;     70000 ;        ? ;   Entrou!
   1428524 ;       198 ;         S ;     50000 ;        ? ;   Entrou!
   1448558 ;       199 ;         W ;     80000 ;        ? ;   Cheio!
   1482403 ;       196 ;         E ;     70000 ;     73970 ; Saiu!
   1468598 ;       200 ;         W ;     20000 ;        ? ;   Entrou!
   1493047 ;       200 ;         W ;     20000 ;     24449 ; Saiu!
   1468620 ;       201 ;         S ;    100000 ;        ? ;   Entrou!
   1493381 ;       198 ;         S ;     50000 ;     64857 ; Saiu!
   1473783 ;       202 ;         E ;     60000 ;        ? ;   Entrou!
   1488667 ;       203 ;         W ;     80000 ;        ? ;   Cheio!
   1534458 ;       201 ;         S ;    100000 ;     65838 ; Saiu!
   1508700 ;       204 ;         W ;     70000 ;        ? ;   Entrou!
   1570338 ;       204 ;         W ;     70000 ;     61638 ; Saiu!
   1508729 ;       206 ;         E ;     20000 ;        ? ;   Entrou!
   1571936 ;       202 ;         E ;     60000 ;     98153 ; Saiu!
   1582276 ;       206 ;         E ;     20000 ;     73547 ; Saiu!
   1528796 ;       208 ;         W ;     80000 ;        ? ;   Entrou!
   1508715 ;       205 ;         N ;     50000 ;        ? ;   Entrou!
   1548841 ;       209 ;         E ;     30000 ;        ? ;   Cheio!
   1558902 ;       210 ;         N ;     40000 ;        ? ;   Cheio!
   1528759 ;       207 ;         S ;     20000 ;        ? ;   Cheio!
   1578956 ;       211 ;         N ;     50000 ;        ? ;   Cheio!
   1613236 ;       208 ;         W ;     80000 ;     84440 ; Saiu!
   1598997 ;       212 ;         E ;     10000 ;        ? ;   Entrou!
   1619366 ;       212 ;         E ;     10000 ;     20369 ; Saiu!
   1599059 ;       213 ;         E ;     60000 ;        ? ;   Entrou!
   1599097 ;       214 ;         E ;     40000 ;        ? ;   Entrou!
   1622777 ;       205 ;         N ;     50000 ;    114062 ; Saiu!
   1619127 ;       215 ;         S ;     80000 ;        ? ;   Cheio!
   1641040 ;       213 ;         E ;     60000 ;     41981 ; Saiu!
   1630667 ;       216 ;         W ;     60000 ;        ? ;   Entrou!
   1641292 ;       214 ;         E ;     40000 ;     42195 ; Saiu!
   1639184 ;       217 ;         S ;     70000 ;        ? ;   Entrou!
   1639218 ;       218 ;         N ;     80000 ;        ? ;   Cheio!
   1661646 ;       216 ;         W ;     60000 ;     30979 ; Saiu!
   1659251 ;       219 ;         S ;     30000 ;        ? ;   Entrou!
   1675759 ;       219 ;         S ;     30000 ;     16508 ; Saiu!
   1659266 ;       220 ;         S ;     50000 ;        ? ;   Entrou!
   1676095 ;       217 ;         S ;     70000 ;     36911 ; Saiu!
   1669297 ;       221 ;         E ;     80000 ;        ? ;   Entrou!
   1669316 ;       222 ;         S ;     40000 ;        ? ;   Cheio!
   1669329 ;       223 ;         N ;     40000 ;        ? ;   Cheio!
   1694754 ;       220 ;         S ;     50000 ;     35488 ; Saiu!
   1689350 ;       224 ;         W ;     10000 ;        ? ;   Entrou!
   1689366 ;       225 ;         N ;    100000 ;        ? ;   Cheio!
   1689381 ;       226 ;         N ;     10000 ;        ? ;   Cheio!
   1714528 ;       221 ;         E ;     80000 ;     45231 ; Saiu!
   1714638 ;       224 ;         W ;     10000 ;     25288 ; Saiu!
   1709571 ;       227 ;         N ;     20000 ;        ? ;   Entrou!
   1725186 ;       227 ;         N ;     20000 ;     15615 ; Saiu!
   1719452 ;       228 ;         E ;     80000 ;        ? ;   Entrou!
   1765627 ;       228 ;         E ;     80000 ;     46175 ; Saiu!
   1729510 ;       229 ;         W ;     50000 ;        ? ;   Entrou!
   1739562 ;       230 ;         W ;     80000 ;        ? ;   Entrou!
   1739583 ;       231 ;         N ;     30000 ;        ? ;   Cheio!
   1759623 ;       232 ;         W ;     60000 ;        ? ;   Cheio!
   1759681 ;       233 ;         W ;     60000 ;        ? ;   Cheio!
   1783597 ;       229 ;         W ;     50000 ;     54087 ; Saiu!
   1779708 ;       234 ;         W ;     80000 ;        ? ;   Entrou!
   1813107 ;       234 ;         W ;     80000 ;     33399 ; Saiu!
   1779738 ;       236 ;         W ;     40000 ;        ? ;   Entrou!
   1779755 ;       237 ;         W ;     30000 ;        ? ;   Entrou!
   1813483 ;       230 ;         W ;     80000 ;     73921 ; Saiu!
   1779724 ;       235 ;         S ;     20000 ;        ? ;   Cheio!
   1789775 ;       238 ;         S ;     30000 ;        ? ;   Cheio!
   1799840 ;       239 ;         N ;     50000 ;        ? ;   Cheio!
   1828431 ;       236 ;         W ;     40000 ;     48693 ; Saiu!
   1819872 ;       240 ;         N ;     80000 ;        ? ;   Entrou!
   1828661 ;       237 ;         W ;     30000 ;     48906 ; Saiu!
   1868470 ;       240 ;         N ;     80000 ;     48598 ; Saiu!
   1832094 ;       241 ;         N ;    100000 ;        ? ;   Entrou!
   1849941 ;       242 ;         S ;     50000 ;        ? ;   Entrou!
   1859964 ;       243 ;         S ;     30000 ;        ? ;   Cheio!
   1859978 ;       244 ;         W ;     20000 ;        ? ;   Cheio!
   1860010 ;       245 ;         S ;     50000 ;        ? ;   Cheio!
   1860029 ;       246 ;         S ;     10000 ;        ? ;   Cheio!
   1910607 ;       241 ;         N ;    100000 ;     78513 ; Saiu!
   1870049 ;       247 ;         S ;     60000 ;        ? ;   Entrou!
   1941003 ;       247 ;         S ;     60000 ;     70954 ; Saiu!
   1941037 ;       258 ;         E ;     90000 ;        ? ;   Entrou!
   1983103 ;       258 ;         E ;     90000 ;     42066 ; Saiu!
   1890106 ;       250 ;         W ;     10000 ;        ? ;   Entrou!
   1988302 ;       250 ;         W ;     10000 ;     98196 ; Saiu!
   1910224 ;       252 ;         W ;     80000 ;        ? ;   Entrou!
   1910254 ;       253 ;         S ;     40000 ;        ? ;   Entrou!
   1910283 ;       254 ;         E ;     90000 ;        ? ;   Cheio!
   1870061 ;       248 ;         E ;     90000 ;        ? ;   Cheio!
   1920344 ;       255 ;         W ;     30000 ;        ? ;   Cheio!
   1920395 ;       256 ;         W ;    100000 ;        ? ;   Cheio!
   1920417 ;       257 ;         E ;     10000 ;        ? ;   Cheio!
   1870073 ;       249 ;         S ;     50000 ;        ? ;   Cheio!
   2002357 ;       242 ;         S ;     50000 ;    152416 ; Saiu!
   1950509 ;       259 ;         N ;     30000 ;        ? ;   Entrou!
   2012766 ;       259 ;         N ;     30000 ;     62257 ; Saiu!
   1950543 ;       260 ;         N ;     60000 ;        ? ;   Entrou!
   2042918 ;       260 ;         N ;     60000 ;     92375 ; Saiu!
   1950588 ;       262 ;         W ;     30000 ;        ? ;   Entrou!
   2058204 ;       262 ;         W ;     30000 ;    107616 ; Saiu!
   1980734 ;       265 ;         S ;     30000 ;        ? ;   Entrou!
   1980769 ;       266 ;         W ;     20000 ;        ? ;   Entrou!
   1980815 ;       267 ;         S ;     30000 ;        ? ;   Cheio!
   1980879 ;       268 ;         E ;     30000 ;        ? ;   Cheio!
   1982763 ;       269 ;         W ;     90000 ;        ? ;   Entrou!
   1900157 ;       251 ;         N ;     90000 ;        ? ;   Cheio!
   2068687 ;       252 ;         W ;     80000 ;    158463 ; Saiu!
   1990954 ;       270 ;         S ;     50000 ;        ? ;   Entrou!
   1990971 ;       271 ;         W ;     60000 ;        ? ;   Cheio!
   1994793 ;       273 ;         S ;    100000 ;        ? ;   Cheio!
   1990986 ;       272 ;         S ;     70000 ;        ? ;   Cheio!
   2083528 ;       253 ;         S ;     40000 ;    173274 ; Saiu!
   1950567 ;       261 ;         S ;    100000 ;        ? ;   Cheio!
   2011039 ;       274 ;         N ;    100000 ;        ? ;   Cheio!
   1950604 ;       263 ;         S ;     40000 ;        ? ;   Cheio!
   2023777 ;       275 ;         E ;     60000 ;        ? ;   Cheio!
   2041118 ;       276 ;         W ;     50000 ;        ? ;   Entrou!
   2107328 ;       276 ;         W ;     50000 ;     66210 ; Saiu!
   2041148 ;       278 ;         E ;     90000 ;        ? ;   Entrou!
   1972181 ;       264 ;         N ;     60000 ;        ? ;   Entrou!
   2051191 ;       279 ;         W ;     90000 ;        ? ;   Cheio!
   2114737 ;       265 ;         S ;     30000 ;    134003 ; Saiu!
   2114792 ;       266 ;         W ;     20000 ;    134023 ; Saiu!
   2065404 ;       280 ;         E ;     20000 ;        ? ;   Cheio!
   2121634 ;       269 ;         W ;     90000 ;    138871 ; Saiu!
   2121745 ;       270 ;         S ;     50000 ;    130791 ; Saiu!
   2081240 ;       281 ;         E ;     10000 ;        ? ;   Cheio!
   2041135 ;       277 ;         E ;     70000 ;        ? ;   Entrou!
   2160220 ;       277 ;         E ;     70000 ;    119085 ; Saiu!
   2091355 ;       284 ;         E ;    100000 ;        ? ;   Entrou!
   2091339 ;       283 ;         N ;    100000 ;        ? ;   Entrou!
   2101384 ;       285 ;         N ;    100000 ;        ? ;   Cheio!
   2101432 ;       286 ;         N ;     40000 ;        ? ;   Cheio!
   2167948 ;       278 ;         E ;     90000 ;    126800 ; Saiu!
   2111444 ;       287 ;         S ;     20000 ;        ? ;   Cheio!
   2121487 ;       288 ;         W ;     20000 ;        ? ;   Cheio!
   2121545 ;       289 ;         E ;     60000 ;        ? ;   Cheio!
   2121716 ;       290 ;         N ;     80000 ;        ? ;   Cheio!
   2121879 ;       291 ;         W ;     10000 ;        ? ;   Cheio!
   2181461 ;       264 ;         N ;     60000 ;    209280 ; Saiu!
   2131919 ;       292 ;         E ;     60000 ;        ? ;   Cheio!
   2182247 ;       302 ;         E ;     80000 ;        ? ;   Cheio!
   2132009 ;       294 ;         E ;     30000 ;        ? ;   Cheio!
   2091294 ;       282 ;         W ;     80000 ;        ? ;   Cheio!
   2132143 ;       295 ;         E ;     70000 ;        ? ;   Cheio!
   2142115 ;       296 ;         E ;     10000 ;        ? ;   Cheio!
   2142137 ;       297 ;         W ;     50000 ;        ? ;   Cheio!
   2142161 ;       298 ;         E ;     40000 ;        ? ;   Entrou!
   2217004 ;       298 ;         E ;     40000 ;     74843 ; Saiu!
   2142191 ;       300 ;         S ;    100000 ;        ? ;   Entrou!
   2217885 ;       284 ;         E ;    100000 ;    126530 ; Saiu!
   2162212 ;       301 ;         E ;    100000 ;        ? ;   Entrou!
   2131940 ;       293 ;         E ;     50000 ;        ? ;   Cheio!
   2192319 ;       303 ;         N ;     80000 ;        ? ;   Cheio!
   2237111 ;       283 ;         N ;    100000 ;    145772 ; Saiu!
   2142177 ;       299 ;         E ;     80000 ;        ? ;   Cheio!
   2212365 ;       304 ;         S ;     50000 ;        ? ;   Cheio!
   2212381 ;       305 ;         E ;     90000 ;        ? ;   Cheio!
   2212392 ;       306 ;         N ;     30000 ;        ? ;   Cheio!
   2212403 ;       307 ;         W ;     50000 ;        ? ;   Cheio!
   2251334 ;       300 ;         S ;    100000 ;    109143 ; Saiu!
   2222435 ;       308 ;         S ;     30000 ;        ? ;   Entrou!
   2266618 ;       308 ;         S ;     30000 ;     44183 ; Saiu!
   2222484 ;       310 ;         S ;     10000 ;        ? ;   Entrou!
   2272137 ;       310 ;         S ;     10000 ;     49653 ; Saiu!
   2222507 ;       311 ;         S ;     10000 ;        ? ;   Entrou!
   2277408 ;       311 ;         S ;     10000 ;     54901 ; Saiu!
   2222451 ;       309 ;         N ;     50000 ;        ? ;   Entrou!
   2278346 ;       301 ;         E ;    100000 ;    116134 ; Saiu!
   2262576 ;       314 ;         N ;     90000 ;        ? ;   Entrou!
   2262596 ;       315 ;         E ;     10000 ;        ? ;   Cheio!
   2262607 ;       316 ;         N ;     10000 ;        ? ;   Cheio!
   2223906 ;       312 ;         W ;     90000 ;        ? ;   Cheio!
   2246335 ;       313 ;         E ;     20000 ;        ? ;   Cheio!
   2272633 ;       317 ;         W ;     20000 ;        ? ;   Cheio!
   2297437 ;       309 ;         N ;     50000 ;     74986 ; Saiu!
   2292664 ;       318 ;         N ;     50000 ;        ? ;   Entrou!
   2315441 ;       318 ;         N ;     50000 ;     22777 ; Saiu!
   2315500 ;       314 ;         N ;     90000 ;     52924 ; Saiu!
   2293759 ;       319 ;         E ;     40000 ;        ? ;   Entrou!
   2312705 ;       320 ;         N ;     30000 ;        ? ;   Entrou!
   2326290 ;       320 ;         N ;     30000 ;     13585 ; Saiu!
   2312737 ;       322 ;         S ;     30000 ;        ? ;   Entrou!
   2312767 ;       323 ;         E ;     70000 ;        ? ;   Entrou!
   2312786 ;       324 ;         E ;     30000 ;        ? ;   Entrou!
   2312803 ;       325 ;         S ;     30000 ;        ? ;   Cheio!
   2312822 ;       326 ;         W ;     60000 ;        ? ;   Cheio!
   2312723 ;       321 ;         S ;     40000 ;        ? ;   Cheio!
   2322865 ;       327 ;         N ;     30000 ;        ? ;   Cheio!
   2342929 ;       319 ;         E ;     40000 ;     49170 ; Saiu!
   2343002 ;       322 ;         S ;     30000 ;     30265 ; Saiu!
   2359245 ;       323 ;         E ;     70000 ;     46478 ; Saiu!
   2342892 ;       328 ;         W ;     80000 ;        ? ;   Entrou!
   2397815 ;       328 ;         W ;     80000 ;     54923 ; Saiu!
   2397853 ;       324 ;         E ;     30000 ;     85067 ; Saiu!
   2345081 ;       329 ;         W ;     40000 ;        ? ;   Entrou!
   2362983 ;       330 ;         S ;     40000 ;        ? ;   Entrou!
   2367237 ;       331 ;         W ;     50000 ;        ? ;   Cheio!
   2373043 ;       332 ;         W ;     80000 ;        ? ;   Cheio!
   2390642 ;       333 ;         W ;     20000 ;        ? ;   Cheio!
   2393178 ;       334 ;         S ;     30000 ;        ? ;   Entrou!
   2427089 ;       334 ;         S ;     30000 ;     33911 ; Saiu!
   2427137 ;       330 ;         S ;     40000 ;     64154 ; Saiu!
   2427255 ;       329 ;         W ;     40000 ;     82174 ; Saiu!
   2413222 ;       335 ;         S ;    100000 ;        ? ;   Entrou!
   2477107 ;       335 ;         S ;    100000 ;     63885 ; Saiu!
   2413289 ;       336 ;         S ;     90000 ;        ? ;   Entrou!
   2433359 ;       337 ;         E ;     40000 ;        ? ;   Entrou!
   2433415 ;       338 ;         W ;     90000 ;        ? ;   Cheio!
   2433463 ;       339 ;         N ;     80000 ;        ? ;   Cheio!
   2443510 ;       340 ;         E ;     70000 ;        ? ;   Cheio!
   2443551 ;       341 ;         E ;     60000 ;        ? ;   Cheio!
   2443584 ;       342 ;         S ;     70000 ;        ? ;   Cheio!
   2443634 ;       343 ;         E ;     90000 ;        ? ;   Cheio!
   2453703 ;       344 ;         W ;     40000 ;        ? ;   Cheio!
   2473778 ;       345 ;         S ;     30000 ;        ? ;   Cheio!
   2516510 ;       336 ;         S ;     90000 ;    103221 ; Saiu!
   2516543 ;       337 ;         E ;     40000 ;     83184 ; Saiu!
   2493836 ;       346 ;         E ;     60000 ;        ? ;   Entrou!
   2546395 ;       346 ;         E ;     60000 ;     52559 ; Saiu!
   2513910 ;       348 ;         W ;     80000 ;        ? ;   Entrou!
   2513924 ;       349 ;         N ;     20000 ;        ? ;   Entrou!
   2513962 ;       350 ;         W ;     40000 ;        ? ;   Cheio!
   2513855 ;       347 ;         S ;     70000 ;        ? ;   Cheio!
   2523995 ;       351 ;         W ;     80000 ;        ? ;   Entrou!
   2524014 ;       352 ;         S ;     70000 ;        ? ;   Cheio!
   2524043 ;       353 ;         W ;     50000 ;        ? ;   Cheio!
   2524059 ;       354 ;         W ;     80000 ;        ? ;   Cheio!
   2564630 ;       364 ;         E ;     10000 ;        ? ;   Cheio!
   2524073 ;       355 ;         E ;    100000 ;        ? ;   Cheio!
   2542802 ;       356 ;         W ;     60000 ;        ? ;   Cheio!
   2544191 ;       357 ;         N ;     10000 ;        ? ;   Cheio!
   2544230 ;       358 ;         E ;     10000 ;        ? ;   Cheio!
   2544261 ;       359 ;         N ;     90000 ;        ? ;   Cheio!
   2544344 ;       361 ;         S ;     30000 ;        ? ;   Cheio!
   2545419 ;       362 ;         W ;     70000 ;        ? ;   Cheio!
   2569880 ;       348 ;         W ;     80000 ;     55970 ; Saiu!
   2569935 ;       349 ;         N ;     20000 ;     56011 ; Saiu!
   2583121 ;       351 ;         W ;     80000 ;     59126 ; Saiu!
   2564534 ;       363 ;         W ;     60000 ;        ? ;   Entrou!
   2615367 ;       363 ;         W ;     60000 ;     50833 ; Saiu!
   2564868 ;       366 ;         S ;     30000 ;        ? ;   Entrou!
   2630940 ;       366 ;         S ;     30000 ;     66072 ; Saiu!
   2564766 ;       365 ;         W ;     80000 ;        ? ;   Entrou!
   2585542 ;       367 ;         N ;     90000 ;        ? ;   Entrou!
   2605373 ;       368 ;         W ;     90000 ;        ? ;   Cheio!
   2544306 ;       360 ;         E ;     60000 ;        ? ;   Cheio!
   2625277 ;       369 ;         S ;     10000 ;        ? ;   Cheio!
   2645010 ;       370 ;         E ;     40000 ;        ? ;   Cheio!
   2659816 ;       365 ;         W ;     80000 ;     95050 ; Saiu!
   2655033 ;       371 ;         N ;     70000 ;        ? ;   Entrou!
   2693261 ;       371 ;         N ;     70000 ;     38228 ; Saiu!
   2693519 ;       367 ;         N ;     90000 ;    107977 ; Saiu!
   2675072 ;       372 ;         S ;     40000 ;        ? ;   Entrou!
   2685107 ;       373 ;         E ;     10000 ;        ? ;   Entrou!
   2685125 ;       374 ;         S ;     90000 ;        ? ;   Cheio!
   2695162 ;       375 ;         S ;     30000 ;        ? ;   Cheio!
   2712324 ;       372 ;         S ;     40000 ;     37252 ; Saiu!
   2695248 ;       376 ;         S ;     60000 ;        ? ;   Entrou!
   2744523 ;       376 ;         S ;     60000 ;     49275 ; Saiu!
   2705284 ;       377 ;         S ;     60000 ;        ? ;   Entrou!
   2748065 ;       373 ;         E ;     10000 ;     62958 ; Saiu!
   2775357 ;       377 ;         S ;     60000 ;     70073 ; Saiu!
   2715347 ;       379 ;         S ;     20000 ;        ? ;   Entrou!
   2725380 ;       380 ;         S ;    100000 ;        ? ;   Entrou!
   2825503 ;       380 ;         S ;    100000 ;    100123 ; Saiu!
   2745432 ;       382 ;         W ;     90000 ;        ? ;   Entrou!
   2871103 ;       382 ;         W ;     90000 ;    125671 ; Saiu!
   2745475 ;       384 ;         N ;     40000 ;        ? ;   Entrou!
   2891641 ;       384 ;         N ;     40000 ;    146166 ; Saiu!
   2715316 ;       378 ;         N ;     90000 ;        ? ;   Entrou!
   2937381 ;       378 ;         N ;     90000 ;    222065 ; Saiu!
   2755556 ;       387 ;         N ;     80000 ;        ? ;   Entrou!
   2975838 ;       387 ;         N ;     80000 ;    220282 ; Saiu!
   2765649 ;       389 ;         S ;    100000 ;        ? ;   Entrou!
   3029275 ;       389 ;         S ;    100000 ;    263626 ; Saiu!
   2737869 ;       381 ;         E ;     20000 ;        ? ;   Entrou!
   3040650 ;       381 ;         E ;     20000 ;    302781 ; Saiu!
   2796383 ;       391 ;         E ;     70000 ;        ? ;   Entrou!
   3076047 ;       391 ;         E ;     70000 ;    279664 ; Saiu!
   2745459 ;       383 ;         W ;     50000 ;        ? ;   Entrou!
   3101486 ;       383 ;         W ;     50000 ;    356027 ; Saiu!
   2825822 ;       393 ;         S ;     90000 ;        ? ;   Entrou!
   3147275 ;       393 ;         S ;     90000 ;    321453 ; Saiu!
   3148377 ;       441 ;         W ;     40000 ;        ? ;   Entrou!
   3168904 ;       441 ;         W ;     40000 ;     20527 ; Saiu!
   2866084 ;       398 ;         E ;    100000 ;        ? ;   Entrou!
   3219687 ;       398 ;         E ;    100000 ;    353603 ; Saiu!
   2866111 ;       399 ;         E ;     80000 ;        ? ;   Entrou!
   3260228 ;       399 ;         E ;     80000 ;    394117 ; Saiu!
   2876174 ;       401 ;         W ;     70000 ;        ? ;   Entrou!
   3295764 ;       401 ;         W ;     70000 ;    419590 ; Saiu!
   2876238 ;       403 ;         S ;     10000 ;        ? ;   Entrou!
   3299714 ;       403 ;         S ;     10000 ;    423476 ; Saiu!
   2876285 ;       405 ;         E ;     90000 ;        ? ;   Entrou!
   2755522 ;       386 ;         E ;     40000 ;        ? ;   Entrou!
   2896327 ;       406 ;         E ;     20000 ;        ? ;   Cheio!
   2916423 ;       407 ;         N ;     60000 ;        ? ;   Cheio!
   2916471 ;       408 ;         S ;     80000 ;        ? ;   Entrou!
   2916524 ;       409 ;         E ;     60000 ;        ? ;   Cheio!
   2937561 ;       411 ;         W ;     60000 ;        ? ;   Cheio!
   2936580 ;       410 ;         W ;     30000 ;        ? ;   Cheio!
   2765605 ;       388 ;         S ;     40000 ;        ? ;   Cheio!
   2946640 ;       412 ;         E ;     20000 ;        ? ;   Cheio!
   2948986 ;       414 ;         W ;     10000 ;        ? ;   Cheio!
   2946705 ;       413 ;         S ;     50000 ;        ? ;   Entrou!
   2956785 ;       415 ;         W ;     30000 ;        ? ;   Cheio!
   2966863 ;       416 ;         W ;     90000 ;        ? ;   Cheio!
   2976946 ;       417 ;         S ;     60000 ;        ? ;   Entrou!
   2976993 ;       418 ;         S ;     10000 ;        ? ;   Cheio!
   2977755 ;       419 ;         S ;     90000 ;        ? ;   Cheio!
   2775659 ;       390 ;         E ;     50000 ;        ? ;   Cheio!
   2997104 ;       420 ;         E ;     70000 ;        ? ;   Cheio!
   2997181 ;       421 ;         W ;     20000 ;        ? ;   Cheio!
   3007246 ;       422 ;         S ;     20000 ;        ? ;   Cheio!
   3007313 ;       423 ;         N ;     40000 ;        ? ;   Cheio!
   3007343 ;       424 ;         S ;     90000 ;        ? ;   Cheio!
   3007392 ;       425 ;         W ;    100000 ;        ? ;   Entrou!
   3017459 ;       426 ;         W ;     90000 ;        ? ;   Entrou!
   3027556 ;       427 ;         N ;     80000 ;        ? ;   Cheio!
   3027631 ;       428 ;         N ;     90000 ;        ? ;   Cheio!
   3363255 ;       379 ;         S ;     20000 ;    647908 ; Saiu!
   3037695 ;       429 ;         S ;     10000 ;        ? ;   Cheio!
   3037777 ;       430 ;         S ;     10000 ;        ? ;   Cheio!
   3037828 ;       431 ;         W ;     40000 ;        ? ;   Cheio!
   3037858 ;       432 ;         E ;     40000 ;        ? ;   Cheio!
   2820344 ;       392 ;         E ;     80000 ;        ? ;   Cheio!
   3047891 ;       433 ;         N ;     60000 ;        ? ;   Cheio!
   3047920 ;       434 ;         E ;     20000 ;        ? ;   Cheio!
   3047957 ;       435 ;         E ;     50000 ;        ? ;   Cheio!
   3069216 ;       436 ;         E ;     70000 ;        ? ;   Cheio!
   2825960 ;       394 ;         W ;     30000 ;        ? ;   Cheio!
   3088047 ;       437 ;         S ;     70000 ;        ? ;   Cheio!
   2836660 ;       396 ;         W ;     90000 ;        ? ;   Entrou!
   3108125 ;       438 ;         E ;     20000 ;        ? ;   Entrou!
   3118225 ;       439 ;         N ;     90000 ;        ? ;   Cheio!
   3140706 ;       440 ;         S ;     70000 ;        ? ;   Entrou!
   3148467 ;       442 ;         W ;     10000 ;        ? ;   Cheio!
   2856021 ;       397 ;         E ;     10000 ;        ? ;   Cheio!
   2835944 ;       395 ;         S ;     50000 ;        ? ;   Cheio!
   3158513 ;       443 ;         E ;     70000 ;        ? ;   Cheio!
   3158608 ;       445 ;         E ;     40000 ;        ? ;   Cheio!
   3158572 ;       444 ;         E ;     80000 ;        ? ;   Cheio!
   3161193 ;       446 ;         S ;     70000 ;        ? ;   Cheio!
   2871093 ;       400 ;         W ;    100000 ;        ? ;   Cheio!
   3410735 ;       486 ;         S ;     20000 ;        ? ;   Cheio!
   3410823 ;       487 ;         S ;     50000 ;        ? ;   Cheio!
   3410901 ;       488 ;         E ;    100000 ;        ? ;   Cheio!
   3414611 ;       489 ;         W ;     80000 ;        ? ;   Cheio!
   3188812 ;       449 ;         E ;     70000 ;        ? ;   Cheio!
   3198908 ;       450 ;         S ;     40000 ;        ? ;   Entrou!
   3209037 ;       452 ;         E ;     80000 ;        ? ;   Cheio!
   3208951 ;       451 ;         N ;     30000 ;        ? ;   Cheio!
   3219092 ;       453 ;         E ;    100000 ;        ? ;   Entrou!
   3478042 ;       453 ;         E ;    100000 ;    258950 ; Saiu!
   3219144 ;       455 ;         W ;     80000 ;        ? ;   Entrou!
   2745493 ;       385 ;         S ;     70000 ;        ? ;   Entrou!
   3229211 ;       456 ;         S ;     30000 ;        ? ;   Cheio!
   3230602 ;       458 ;         S ;     90000 ;        ? ;   Cheio!
   3229260 ;       457 ;         E ;     70000 ;        ? ;   Cheio!
   3239370 ;       459 ;         W ;     80000 ;        ? ;   Cheio!
   3239426 ;       460 ;         S ;     50000 ;        ? ;   Cheio!
   3253727 ;       462 ;         N ;     10000 ;        ? ;   Cheio!
   2876213 ;       402 ;         E ;     30000 ;        ? ;   Cheio!
   3249464 ;       461 ;         E ;     10000 ;        ? ;   Cheio!
   3271956 ;       463 ;         E ;     90000 ;        ? ;   Cheio!
   3491396 ;       501 ;         W ;     10000 ;        ? ;   Cheio!
   3289649 ;       465 ;         E ;     70000 ;        ? ;   Cheio!
   3289676 ;       466 ;         S ;     50000 ;        ? ;   Cheio!
   2876267 ;       404 ;         E ;     40000 ;        ? ;   Cheio!
   3299804 ;       467 ;         N ;     30000 ;        ? ;   Cheio!
   3299861 ;       468 ;         N ;     60000 ;        ? ;   Cheio!
   3299941 ;       469 ;         W ;     50000 ;        ? ;   Cheio!
   3497699 ;       405 ;         E ;     90000 ;    621414 ; Saiu!
   3497767 ;       386 ;         E ;     40000 ;    742245 ; Saiu!
   3320071 ;       470 ;         W ;    100000 ;        ? ;   Cheio!
   3320145 ;       471 ;         W ;    100000 ;        ? ;   Cheio!
   3498058 ;       408 ;         S ;     80000 ;    581587 ; Saiu!
   3330199 ;       472 ;         N ;     60000 ;        ? ;   Cheio!
   3498226 ;       413 ;         S ;     50000 ;    551521 ; Saiu!
   3498282 ;       417 ;         S ;     60000 ;    521336 ; Saiu!
   3350235 ;       473 ;         S ;     80000 ;        ? ;   Cheio!
   3360284 ;       474 ;         W ;     50000 ;        ? ;   Cheio!
   3499629 ;       425 ;         W ;    100000 ;    492237 ; Saiu!
   3370330 ;       475 ;         N ;     30000 ;        ? ;   Entrou!
   3517460 ;       475 ;         N ;     30000 ;    147130 ; Saiu!
   3370831 ;       478 ;         W ;     80000 ;        ? ;   Entrou!
   3370382 ;       477 ;         S ;     60000 ;        ? ;   Entrou!
   3380426 ;       479 ;         W ;     70000 ;        ? ;   Cheio!
   3382064 ;       480 ;         S ;     80000 ;        ? ;   Cheio!
   3390484 ;       481 ;         N ;    100000 ;        ? ;   Cheio!
   3392253 ;       483 ;         N ;     10000 ;        ? ;   Cheio!
   3531605 ;       426 ;         W ;     90000 ;    514146 ; Saiu!
   3390509 ;       482 ;         E ;    100000 ;        ? ;   Cheio!
   3533094 ;       396 ;         W ;     90000 ;    696434 ; Saiu!
   3400608 ;       484 ;         N ;    100000 ;        ? ;   Cheio!
   3400717 ;       485 ;         E ;     50000 ;        ? ;   Cheio!
   3541907 ;       438 ;         E ;     20000 ;    433782 ; Saiu!
   3171586 ;       447 ;         E ;     80000 ;        ? ;   Entrou!
   3178736 ;       448 ;         E ;     40000 ;        ? ;   Entrou!
   3421622 ;       490 ;         S ;     50000 ;        ? ;   Cheio!
   3547316 ;       440 ;         S ;     70000 ;    406610 ; Saiu!
   3430986 ;       491 ;         N ;     70000 ;        ? ;   Cheio!
   3219121 ;       454 ;         W ;     40000 ;        ? ;   Cheio!
   3547705 ;       450 ;         S ;     40000 ;    348797 ; Saiu!
   3442176 ;       492 ;         E ;     70000 ;        ? ;   Cheio!
   3453454 ;       493 ;         N ;     50000 ;        ? ;   Cheio!
   3461095 ;       494 ;         N ;     20000 ;        ? ;   Cheio!
   3471153 ;       495 ;         S ;     60000 ;        ? ;   Cheio!
   3471187 ;       496 ;         W ;     50000 ;        ? ;   Cheio!
   3555560 ;       455 ;         W ;     80000 ;    336416 ; Saiu!
   3481304 ;       497 ;         S ;     50000 ;        ? ;   Cheio!
   3481331 ;       498 ;         S ;     90000 ;        ? ;   Cheio!
   3488015 ;       500 ;         E ;     90000 ;        ? ;   Cheio!
   3481348 ;       499 ;         S ;     20000 ;        ? ;   Cheio!
   3289604 ;       464 ;         N ;    100000 ;        ? ;   Cheio!
   3491799 ;       503 ;         S ;     80000 ;        ? ;   Cheio!
   3491455 ;       502 ;         E ;    100000 ;        ? ;   Cheio!
   3501503 ;       504 ;         S ;     60000 ;        ? ;   Cheio!
   3557708 ;       385 ;         S ;     70000 ;    812215 ; Saiu!
   3370356 ;       476 ;         W ;     80000 ;        ? ;   Cheio!
   3521534 ;       505 ;         N ;    100000 ;        ? ;   Cheio!
   3521556 ;       506 ;         W ;     90000 ;        ? ;   Cheio!
   3521574 ;       507 ;         S ;     40000 ;        ? ;   Cheio!
   3521607 ;       508 ;         N ;     50000 ;        ? ;   Cheio!
   3562404 ;       448 ;         E ;     40000 ;    383668 ; Saiu!
   3521648 ;       509 ;         W ;     50000 ;        ? ;   Entrou!
   3590214 ;       509 ;         W ;     50000 ;     68566 ; Saiu!
   3531697 ;       510 ;         N ;     30000 ;        ? ;   Entrou!
   3593672 ;       477 ;         S ;     60000 ;    223290 ; Saiu!
   3604087 ;       510 ;         N ;     30000 ;     72390 ; Saiu!
   3604121 ;       447 ;         E ;     80000 ;    432535 ; Saiu!
   3561766 ;       512 ;         N ;     30000 ;        ? ;   Entrou!
   3604491 ;       478 ;         W ;     80000 ;    233660 ; Saiu!
   3618700 ;       512 ;         N ;     30000 ;     56934 ; Saiu!
   3581874 ;       514 ;         W ;     90000 ;        ? ;   Entrou!
   3664383 ;       514 ;         W ;     90000 ;     82509 ; Saiu!
   3581934 ;       516 ;         S ;     60000 ;        ? ;   Entrou!
   3695664 ;       516 ;         S ;     60000 ;    113730 ; Saiu!
   3541735 ;       511 ;         E ;    100000 ;        ? ;   Entrou!
   3742773 ;       511 ;         E ;    100000 ;    201038 ; Saiu!
   3602058 ;       519 ;         S ;     70000 ;        ? ;   Entrou!
   3778201 ;       519 ;         S ;     70000 ;    176143 ; Saiu!
   3612096 ;       520 ;         E ;     40000 ;        ? ;   Entrou!
   3612141 ;       521 ;         E ;     60000 ;        ? ;   Entrou!
   3614388 ;       522 ;         S ;     20000 ;        ? ;   Cheio!
   3581910 ;       515 ;         S ;     50000 ;        ? ;   Entrou!
   3622209 ;       523 ;         N ;     80000 ;        ? ;   Cheio!
   3642424 ;       524 ;         S ;     40000 ;        ? ;   Cheio!
   3652305 ;       525 ;         N ;     70000 ;        ? ;   Entrou!
   3664527 ;       526 ;         S ;     60000 ;        ? ;   Cheio!
   3834672 ;       525 ;         N ;     70000 ;    182367 ; Saiu!
   3672385 ;       527 ;         S ;     50000 ;        ? ;   Entrou!
   3860332 ;       527 ;         S ;     50000 ;    187947 ; Saiu!
   3692574 ;       530 ;         S ;     60000 ;        ? ;   Entrou!
   3891036 ;       530 ;         S ;     60000 ;    198462 ; Saiu!
   3602031 ;       518 ;         S ;     40000 ;        ? ;   Entrou!
   3911601 ;       518 ;         S ;     40000 ;    309570 ; Saiu!
   3712578 ;       532 ;         N ;     30000 ;        ? ;   Entrou!
   3722629 ;       533 ;         N ;     60000 ;        ? ;   Entrou!
   3732672 ;       534 ;         W ;     50000 ;        ? ;   Cheio!
   3732699 ;       535 ;         E ;     90000 ;        ? ;   Cheio!
   3742755 ;       536 ;         E ;     10000 ;        ? ;   Entrou!
   3742881 ;       537 ;         E ;     40000 ;        ? ;   Cheio!
   3571821 ;       513 ;         N ;     20000 ;        ? ;   Cheio!
   3763242 ;       538 ;         E ;     80000 ;        ? ;   Entrou!
   3783024 ;       539 ;         N ;     30000 ;        ? ;   Cheio!
   3934999 ;       520 ;         E ;     40000 ;    322903 ; Saiu!
   3936053 ;       521 ;         E ;     60000 ;    323912 ; Saiu!
   3803937 ;       540 ;         W ;    100000 ;        ? ;   Entrou!
   3980979 ;       540 ;         W ;    100000 ;    177042 ; Saiu!
   3581999 ;       517 ;         W ;     40000 ;        ? ;   Entrou!
   4001872 ;       517 ;         W ;     40000 ;    419873 ; Saiu!
   3823144 ;       542 ;         S ;     60000 ;        ? ;   Entrou!
   3672438 ;       528 ;         N ;    100000 ;        ? ;   Entrou!
   3843188 ;       543 ;         E ;     60000 ;        ? ;   Cheio!
   3843206 ;       544 ;         W ;     70000 ;        ? ;   Cheio!
   3692490 ;       529 ;         W ;     90000 ;        ? ;   Cheio!
   3863234 ;       545 ;         W ;     50000 ;        ? ;   Cheio!
   3883350 ;       546 ;         N ;    100000 ;        ? ;   Cheio!
   4014186 ;       570 ;         E ;     40000 ;        ? ;   Entrou!
   3903389 ;       547 ;         E ;     40000 ;        ? ;   Cheio!
   3904232 ;       549 ;         N ;     90000 ;        ? ;   Entrou!
   4037479 ;       532 ;         N ;     30000 ;    324901 ; Saiu!
   3913493 ;       550 ;         W ;     20000 ;        ? ;   Cheio!
   3923480 ;       551 ;         E ;     40000 ;        ? ;   Cheio!
   3903427 ;       548 ;         N ;    100000 ;        ? ;   Entrou!
   4041337 ;       533 ;         N ;     60000 ;    318708 ; Saiu!
   4070420 ;       548 ;         N ;    100000 ;    166993 ; Saiu!
   4070468 ;       538 ;         E ;     80000 ;    307226 ; Saiu!
   4070541 ;       515 ;         S ;     50000 ;    488631 ; Saiu!
   3943523 ;       552 ;         S ;     30000 ;        ? ;   Entrou!
   4085422 ;       552 ;         S ;     30000 ;    141899 ; Saiu!
   3943559 ;       554 ;         S ;     30000 ;        ? ;   Entrou!
   4100122 ;       554 ;         S ;     30000 ;    156563 ; Saiu!
   3953633 ;       556 ;         E ;     90000 ;        ? ;   Entrou!
   4144613 ;       556 ;         E ;     90000 ;    190980 ; Saiu!
   3953681 ;       558 ;         E ;     10000 ;        ? ;   Entrou!
   3963735 ;       559 ;         S ;     60000 ;        ? ;   Entrou!
   3963781 ;       560 ;         S ;     10000 ;        ? ;   Cheio!
   3973859 ;       562 ;         S ;     30000 ;        ? ;   Cheio!
   3813087 ;       541 ;         E ;     10000 ;        ? ;   Cheio!
   3983898 ;       563 ;         N ;     20000 ;        ? ;   Entrou!
   3983935 ;       564 ;         N ;     50000 ;        ? ;   Cheio!
   3973831 ;       561 ;         W ;     30000 ;        ? ;   Cheio!
   3993993 ;       565 ;         N ;    100000 ;        ? ;   Cheio!
   3994021 ;       566 ;         E ;     60000 ;        ? ;   Cheio!
   3994043 ;       567 ;         E ;     10000 ;        ? ;   Cheio!
   4151164 ;       542 ;         S ;     60000 ;    328020 ; Saiu!
   4014069 ;       568 ;         N ;     10000 ;        ? ;   Entrou!
   4161848 ;       568 ;         N ;     10000 ;    147779 ; Saiu!
   4014689 ;       571 ;         S ;     90000 ;        ? ;   Entrou!
   4211355 ;       571 ;         S ;     90000 ;    196666 ; Saiu!
   3712542 ;       531 ;         W ;    100000 ;        ? ;   Entrou!
   4262682 ;       531 ;         W ;    100000 ;    550140 ; Saiu!
   4034519 ;       574 ;         S ;     20000 ;        ? ;   Entrou!
   4273890 ;       574 ;         S ;     20000 ;    239371 ; Saiu!
   4274001 ;       549 ;         N ;     90000 ;    369769 ; Saiu!
   4274062 ;       536 ;         E ;     10000 ;    531307 ; Saiu!
   4034491 ;       573 ;         W ;     20000 ;        ? ;   Entrou!
   4283839 ;       573 ;         W ;     20000 ;    249348 ; Saiu!
   4064580 ;       576 ;         N ;     70000 ;        ? ;   Entrou!
   4320879 ;       576 ;         N ;     70000 ;    256299 ; Saiu!
   4064796 ;       578 ;         S ;     50000 ;        ? ;   Entrou!
   3943544 ;       553 ;         S ;    100000 ;        ? ;   Entrou!
   4075178 ;       580 ;         N ;    100000 ;        ? ;   Cheio!
   3953592 ;       555 ;         N ;     70000 ;        ? ;   Cheio!
   4086201 ;       581 ;         E ;     60000 ;        ? ;   Cheio!
   4074830 ;       579 ;         E ;    100000 ;        ? ;   Cheio!
   4094924 ;       582 ;         E ;     40000 ;        ? ;   Cheio!
   4095728 ;       584 ;         N ;     80000 ;        ? ;   Cheio!
   3953657 ;       557 ;         W ;     50000 ;        ? ;   Cheio!
   4105030 ;       585 ;         N ;     50000 ;        ? ;   Cheio!
   4094973 ;       583 ;         W ;     90000 ;        ? ;   Cheio!
   4105111 ;       587 ;         W ;    100000 ;        ? ;   Cheio!
   4105086 ;       586 ;         W ;     50000 ;        ? ;   Cheio!
   4125792 ;       588 ;         N ;     10000 ;        ? ;   Cheio!
   4135281 ;       589 ;         W ;     90000 ;        ? ;   Cheio!
   4331758 ;       558 ;         E ;     10000 ;    378077 ; Saiu!
   4145314 ;       590 ;         E ;     10000 ;        ? ;   Cheio!
   4335660 ;       559 ;         S ;     60000 ;    371925 ; Saiu!
   4335766 ;       563 ;         N ;     20000 ;    351868 ; Saiu!
   4155345 ;       591 ;         E ;     90000 ;        ? ;   Cheio!
   4155387 ;       592 ;         W ;     50000 ;        ? ;   Cheio!
   4014130 ;       569 ;         N ;     50000 ;        ? ;   Cheio!
   4165396 ;       593 ;         E ;     40000 ;        ? ;   Entrou!
   4354679 ;       593 ;         E ;     40000 ;    189283 ; Saiu!
   4165438 ;       595 ;         W ;     50000 ;        ? ;   Entrou!
   4358361 ;       528 ;         N ;    100000 ;    685923 ; Saiu!
   4377662 ;       595 ;         W ;     50000 ;    212224 ; Saiu!
   4179217 ;       598 ;         E ;     20000 ;        ? ;   Entrou!
   4388754 ;       598 ;         E ;     20000 ;    209537 ; Saiu!
   4185665 ;       599 ;         E ;     50000 ;        ? ;   Entrou!
   4185726 ;       600 ;         N ;     30000 ;        ? ;   Entrou!
   4195772 ;       601 ;         N ;     60000 ;        ? ;   Cheio!
   4396636 ;       624 ;         E ;     60000 ;        ? ;   Entrou!
   4205863 ;       603 ;         S ;     70000 ;        ? ;   Cheio!
   4034432 ;       572 ;         N ;     40000 ;        ? ;   Cheio!
   4215898 ;       604 ;         S ;     30000 ;        ? ;   Cheio!
   4215944 ;       605 ;         N ;     70000 ;        ? ;   Cheio!
   4225993 ;       606 ;         N ;     30000 ;        ? ;   Entrou!
   4246055 ;       607 ;         N ;     30000 ;        ? ;   Cheio!
   4256122 ;       608 ;         S ;     30000 ;        ? ;   Cheio!
   4409171 ;       570 ;         E ;     40000 ;    394985 ; Saiu!
   4266752 ;       610 ;         W ;     60000 ;        ? ;   Cheio!
   4266172 ;       609 ;         N ;     10000 ;        ? ;   Cheio!
   4054679 ;       575 ;         S ;     80000 ;        ? ;   Cheio!
   4276232 ;       611 ;         E ;     80000 ;        ? ;   Cheio!
   4276251 ;       612 ;         W ;     20000 ;        ? ;   Cheio!
   4064730 ;       577 ;         N ;     90000 ;        ? ;   Cheio!
   4296284 ;       613 ;         N ;     50000 ;        ? ;   Cheio!
   4306336 ;       614 ;         S ;     30000 ;        ? ;   Cheio!
   4306386 ;       615 ;         E ;     30000 ;        ? ;   Cheio!
   4413903 ;       578 ;         S ;     50000 ;    349107 ; Saiu!
   4326412 ;       616 ;         N ;     30000 ;        ? ;   Cheio!
   4326430 ;       617 ;         S ;     50000 ;        ? ;   Cheio!
   4416746 ;       627 ;         W ;     20000 ;        ? ;   Cheio!
   4421934 ;       553 ;         S ;    100000 ;    478390 ; Saiu!
   4416728 ;       626 ;         N ;     50000 ;        ? ;   Cheio!
   4175503 ;       596 ;         E ;     30000 ;        ? ;   Cheio!
   4360349 ;       619 ;         W ;     40000 ;        ? ;   Cheio!
   4366513 ;       620 ;         E ;     30000 ;        ? ;   Cheio!
   4366533 ;       621 ;         S ;     70000 ;        ? ;   Cheio!
   4366548 ;       622 ;         N ;     60000 ;        ? ;   Cheio!
   4175537 ;       597 ;         S ;     40000 ;        ? ;   Cheio!
   4379498 ;       623 ;         S ;     90000 ;        ? ;   Cheio!
   4424264 ;       599 ;         E ;     50000 ;    238599 ; Saiu!
   4205835 ;       602 ;         W ;     50000 ;        ? ;   Cheio!
   4426773 ;       628 ;         W ;     90000 ;        ? ;   Cheio!
   4431786 ;       624 ;         E ;     60000 ;     35150 ; Saiu!
   4407635 ;       625 ;         E ;     70000 ;        ? ;   Entrou!
   4326444 ;       618 ;         E ;     20000 ;        ? ;   Entrou!
   4165421 ;       594 ;         E ;     50000 ;        ? ;   Cheio!
   4438255 ;       600 ;         N ;     30000 ;    252529 ; Saiu!
   4441918 ;       606 ;         N ;     30000 ;    215925 ; Saiu!
   4467180 ;       625 ;         E ;     70000 ;     59545 ; Saiu!
   4467258 ;       618 ;         E ;     20000 ;    140814 ; Saiu!
   4446827 ;       629 ;         N ;     20000 ;        ? ;   Entrou!
   4477791 ;       629 ;         N ;     20000 ;     30964 ; Saiu!
   4456908 ;       631 ;         E ;     10000 ;        ? ;   Entrou!
   4483346 ;       631 ;         E ;     10000 ;     26438 ; Saiu!
   4456974 ;       633 ;         S ;     20000 ;        ? ;   Entrou!
   4495520 ;       633 ;         S ;     20000 ;     38546 ; Saiu!
   4477018 ;       634 ;         W ;     50000 ;        ? ;   Entrou!
   4456930 ;       632 ;         N ;     70000 ;        ? ;   Entrou!
   4497097 ;       637 ;         S ;     50000 ;        ? ;   Cheio!
   4487057 ;       635 ;         E ;     90000 ;        ? ;   Cheio!
   4487076 ;       636 ;         N ;     20000 ;        ? ;   Cheio!
   4517245 ;       634 ;         W ;     50000 ;     40227 ; Saiu!
   4446872 ;       630 ;         N ;     80000 ;        ? ;   Entrou!
   4556488 ;       630 ;         N ;     80000 ;    109616 ; Saiu!
   4556520 ;       632 ;         N ;     70000 ;     99590 ; Saiu!
   4517158 ;       638 ;         N ;     40000 ;        ? ;   Entrou!
   4530564 ;       639 ;         E ;     50000 ;        ? ;   Entrou!
   4547225 ;       640 ;         N ;     30000 ;        ? ;   Cheio!
   4557255 ;       641 ;         S ;     70000 ;        ? ;   Cheio!
   4572227 ;       638 ;         N ;     40000 ;     55069 ; Saiu!
   4582156 ;       639 ;         E ;     50000 ;     51592 ; Saiu!
   4577298 ;       642 ;         E ;     60000 ;        ? ;   Entrou!
   4608005 ;       642 ;         E ;     60000 ;     30707 ; Saiu!
   4587386 ;       643 ;         E ;     10000 ;        ? ;   Entrou!
   4613699 ;       643 ;         E ;     10000 ;     26313 ; Saiu!
   4597493 ;       645 ;         S ;     70000 ;        ? ;   Entrou!
   4647000 ;       645 ;         S ;     70000 ;     49507 ; Saiu!
   4607592 ;       647 ;         S ;     40000 ;        ? ;   Entrou!
   4607630 ;       648 ;         N ;    100000 ;        ? ;   Entrou!
   4588229 ;       644 ;         W ;     60000 ;        ? ;   Cheio!
   4597526 ;       646 ;         W ;     50000 ;        ? ;   Cheio!
   4617677 ;       649 ;         N ;     50000 ;        ? ;   Entrou!
   4617698 ;       650 ;         E ;     50000 ;        ? ;   Cheio!
   4627765 ;       651 ;         E ;     20000 ;        ? ;   Cheio!
   4627794 ;       652 ;         N ;     40000 ;        ? ;   Cheio!
   4627821 ;       653 ;         N ;     90000 ;        ? ;   Cheio!
   4629820 ;       654 ;         N ;     40000 ;        ? ;   Cheio!
   4640333 ;       656 ;         S ;     60000 ;        ? ;   Cheio!
   4637932 ;       655 ;         E ;     30000 ;        ? ;   Cheio!
   4668046 ;       660 ;         E ;     80000 ;        ? ;   Cheio!
   4657980 ;       657 ;         N ;     30000 ;        ? ;   Entrou!
   4686783 ;       648 ;         N ;    100000 ;     79153 ; Saiu!
   4663456 ;       659 ;         W ;     90000 ;        ? ;   Entrou!
   4657995 ;       658 ;         N ;     30000 ;        ? ;   Cheio!
   4668082 ;       661 ;         S ;     40000 ;        ? ;   Cheio!
   4692346 ;       647 ;         S ;     40000 ;     84754 ; Saiu!
   4678148 ;       662 ;         E ;     80000 ;        ? ;   Entrou!
   4728701 ;       662 ;         E ;     80000 ;     50553 ; Saiu!
   4728766 ;       649 ;         N ;     50000 ;    111089 ; Saiu!
   4730685 ;       657 ;         N ;     30000 ;     72705 ; Saiu!
   4730716 ;       659 ;         W ;     90000 ;     67260 ; Saiu!
   4698218 ;       664 ;         N ;     50000 ;        ? ;   Entrou!
   4698920 ;       665 ;         N ;     50000 ;        ? ;   Entrou!
   4678192 ;       663 ;         W ;     20000 ;        ? ;   Cheio!
   4711211 ;       667 ;         N ;     50000 ;        ? ;   Cheio!
   4708270 ;       666 ;         W ;     20000 ;        ? ;   Cheio!
   4718397 ;       668 ;         N ;     10000 ;        ? ;   Cheio!
   4751114 ;       664 ;         N ;     50000 ;     52896 ; Saiu!
   4738446 ;       669 ;         N ;     60000 ;        ? ;   Entrou!
   4755175 ;       665 ;         N ;     50000 ;     56255 ; Saiu!
   4782543 ;       669 ;         N ;     60000 ;     44097 ; Saiu!
   4759197 ;       670 ;         E ;    100000 ;        ? ;   Entrou!
   4829508 ;       670 ;         E ;    100000 ;     70311 ; Saiu!
   4768520 ;       672 ;         W ;     70000 ;        ? ;   Entrou!
   4768502 ;       671 ;         W ;     10000 ;        ? ;   Entrou!
   4788554 ;       673 ;         N ;     20000 ;        ? ;   Cheio!
   4788579 ;       674 ;         E ;    100000 ;        ? ;   Entrou!
   4798643 ;       675 ;         E ;     70000 ;        ? ;   Cheio!
   4798994 ;       676 ;         W ;     80000 ;        ? ;   Cheio!
   4808768 ;       677 ;         E ;     60000 ;        ? ;   Cheio!
   4808799 ;       678 ;         E ;     80000 ;        ? ;   Cheio!
   4808870 ;       679 ;         E ;     50000 ;        ? ;   Cheio!
   4829186 ;       680 ;         E ;     70000 ;        ? ;   Cheio!
   4852986 ;       672 ;         W ;     70000 ;     84466 ; Saiu!
   4853098 ;       671 ;         W ;     10000 ;     84596 ; Saiu!
   4848908 ;       681 ;         E ;     40000 ;        ? ;   Entrou!
   4864155 ;       681 ;         E ;     40000 ;     15247 ; Saiu!
   4864460 ;       674 ;         E ;    100000 ;     75881 ; Saiu!
   4848928 ;       682 ;         E ;     70000 ;        ? ;   Entrou!
   4899757 ;       682 ;         E ;     70000 ;     50829 ; Saiu!
   4858995 ;       684 ;         W ;     80000 ;        ? ;   Entrou!
   4939795 ;       684 ;         W ;     80000 ;     80800 ; Saiu!
   4858962 ;       683 ;         N ;     20000 ;        ? ;   Entrou!
   4879062 ;       686 ;         S ;     30000 ;        ? ;   Entrou!
   4889122 ;       687 ;         N ;     40000 ;        ? ;   Entrou!
   4889142 ;       688 ;         S ;     80000 ;        ? ;   Cheio!
   4889207 ;       689 ;         N ;     40000 ;        ? ;   Cheio!
   4899239 ;       690 ;         N ;     60000 ;        ? ;   Cheio!
   4899272 ;       691 ;         W ;     80000 ;        ? ;   Entrou!
   4861131 ;       685 ;         N ;     60000 ;        ? ;   Cheio!
   4919306 ;       692 ;         E ;     10000 ;        ? ;   Cheio!
   4929378 ;       693 ;         N ;     30000 ;        ? ;   Cheio!
   4939501 ;       694 ;         W ;     80000 ;        ? ;   Cheio!
   4939547 ;       695 ;         W ;    100000 ;        ? ;   Cheio!
   4939580 ;       696 ;         E ;     50000 ;        ? ;   Cheio!
   4960332 ;       683 ;         N ;     20000 ;    101370 ; Saiu!
   4960369 ;       686 ;         S ;     30000 ;     81307 ; Saiu!
   4949614 ;       697 ;         S ;     80000 ;        ? ;   Cheio!
   4967193 ;       687 ;         N ;     40000 ;     78071 ; Saiu!
   4992296 ;       691 ;         W ;     80000 ;     93024 ; Saiu!
   4969650 ;       698 ;         E ;     30000 ;        ? ;   Entrou!
   5007787 ;       698 ;         E ;     30000 ;     38137 ; Saiu!
   4989708 ;       700 ;         N ;    100000 ;        ? ;   Entrou!
   5058472 ;       700 ;         N ;    100000 ;     68764 ; Saiu!
   4989686 ;       699 ;         N ;     20000 ;        ? ;   Entrou!
   5069148 ;       699 ;         N ;     20000 ;     79462 ; Saiu!
   5019786 ;       702 ;         N ;     20000 ;        ? ;   Entrou!
   5080027 ;       702 ;         N ;     20000 ;     60241 ; Saiu!
   5039882 ;       704 ;         N ;     50000 ;        ? ;   Entrou!
   5009748 ;       701 ;         N ;    100000 ;        ? ;   Entrou!
   5059935 ;       705 ;         W ;     10000 ;        ? ;   Cheio!
   5039825 ;       703 ;         W ;     20000 ;        ? ;   Cheio!
   5079978 ;       706 ;         S ;     70000 ;        ? ;   Cheio!
   5092638 ;       704 ;         N ;     50000 ;     52756 ; Saiu!
   5080218 ;       707 ;         S ;     80000 ;        ? ;   Entrou!
   5120707 ;       707 ;         S ;     80000 ;     40489 ; Saiu!
   5080429 ;       709 ;         W ;    100000 ;        ? ;   Entrou!
   5171275 ;       709 ;         W ;    100000 ;     90846 ; Saiu!
   5171357 ;       701 ;         N ;    100000 ;    161609 ; Saiu!
   5080398 ;       708 ;         W ;     40000 ;        ? ;   Entrou!
   5110503 ;       711 ;         E ;     70000 ;        ? ;   Entrou!
   5110548 ;       712 ;         N ;     50000 ;        ? ;   Cheio!
   5110602 ;       713 ;         W ;     20000 ;        ? ;   Cheio!
   5110640 ;       714 ;         S ;     70000 ;        ? ;   Cheio!
   5090459 ;       710 ;         S ;     60000 ;        ? ;   Entrou!
   5130679 ;       715 ;         W ;     80000 ;        ? ;   Cheio!
   5150765 ;       716 ;         W ;     30000 ;        ? ;   Entrou!
   5160819 ;       717 ;         N ;     40000 ;        ? ;   Cheio!
   5170872 ;       718 ;         E ;     50000 ;        ? ;   Cheio!
   5211421 ;       708 ;         W ;     40000 ;    131023 ; Saiu!
   5211491 ;       711 ;         E ;     70000 ;    100988 ; Saiu!
   5190898 ;       719 ;         W ;     70000 ;        ? ;   Cheio!
   5190996 ;       720 ;         E ;     20000 ;        ? ;   Entrou!
   5217582 ;       710 ;         S ;     60000 ;    127123 ; Saiu!
   5200939 ;       721 ;         S ;     40000 ;        ? ;   Cheio!
   5200958 ;       722 ;         W ;     40000 ;        ? ;   Cheio!
   5222487 ;       716 ;         W ;     30000 ;     71722 ; Saiu!
   5225046 ;       720 ;         E ;     20000 ;     34050 ; Saiu!
   5220984 ;       723 ;         W ;     30000 ;        ? ;   Entrou!
   5221794 ;       724 ;         N ;     70000 ;        ? ;   Entrou!
   5235566 ;       723 ;         W ;     30000 ;     14582 ; Saiu!
   5231030 ;       725 ;         S ;     80000 ;        ? ;   Entrou!
   5271272 ;       725 ;         S ;     80000 ;     40242 ; Saiu!
   5232110 ;       726 ;         W ;     90000 ;        ? ;   Entrou!
   5275505 ;       724 ;         N ;     70000 ;     53711 ; Saiu!
   5314887 ;       726 ;         W ;     90000 ;     82777 ; Saiu!
   5254311 ;       728 ;         S ;     40000 ;        ? ;   Entrou!
   5261119 ;       729 ;         E ;     70000 ;        ? ;   Entrou!
   5261168 ;       730 ;         N ;    100000 ;        ? ;   Cheio!
   5271230 ;       731 ;         W ;     30000 ;        ? ;   Cheio!
   5271365 ;       732 ;         S ;     70000 ;        ? ;   Cheio!
   5271485 ;       733 ;         S ;     20000 ;        ? ;   Cheio!
   5251073 ;       727 ;         E ;     60000 ;        ? ;   Cheio!
   5291418 ;       734 ;         E ;     20000 ;        ? ;   Cheio!
   5301478 ;       735 ;         E ;     30000 ;        ? ;   Cheio!
   5301520 ;       736 ;         E ;     40000 ;        ? ;   Cheio!
   5351239 ;       729 ;         E ;     70000 ;     90120 ; Saiu!
   5351328 ;       728 ;         S ;     40000 ;     97017 ; Saiu!
   5321567 ;       738 ;         W ;     80000 ;        ? ;   Entrou!
   5391767 ;       738 ;         W ;     80000 ;     70200 ; Saiu!
   5301545 ;       737 ;         S ;     30000 ;        ? ;   Entrou!
   5408253 ;       737 ;         S ;     30000 ;    106708 ; Saiu!
   5341656 ;       741 ;         W ;     80000 ;        ? ;   Entrou!
   5341672 ;       742 ;         E ;     70000 ;        ? ;   Entrou!
   5341685 ;       743 ;         E ;     60000 ;        ? ;   Cheio!
   5341715 ;       744 ;         E ;     80000 ;        ? ;   Cheio!
   5354322 ;       745 ;         S ;     80000 ;        ? ;   Cheio!
   5323977 ;       739 ;         W ;     40000 ;        ? ;   Cheio!
   5371800 ;       746 ;         N ;     30000 ;        ? ;   Cheio!
   5371889 ;       747 ;         N ;     80000 ;        ? ;   Cheio!
   5413487 ;       754 ;         S ;     20000 ;        ? ;   Cheio!
   5371934 ;       749 ;         E ;    100000 ;        ? ;   Cheio!
   5386390 ;       750 ;         S ;     20000 ;        ? ;   Cheio!
   5392027 ;       751 ;         S ;     20000 ;        ? ;   Cheio!
   5392213 ;       752 ;         W ;     20000 ;        ? ;   Cheio!
   5392242 ;       753 ;         N ;     60000 ;        ? ;   Cheio!
   5341621 ;       740 ;         E ;    100000 ;        ? ;   Cheio!
   5437572 ;       741 ;         W ;     80000 ;     95916 ; Saiu!
   5371915 ;       748 ;         S ;     50000 ;        ? ;   Entrou!
   5422284 ;       755 ;         N ;     50000 ;        ? ;   Entrou!
   5422298 ;       756 ;         S ;     40000 ;        ? ;   Cheio!
   5439484 ;       742 ;         E ;     70000 ;     97812 ; Saiu!
   5456659 ;       748 ;         S ;     50000 ;     84744 ; Saiu!
   5457886 ;       755 ;         N ;     50000 ;     35602 ; Saiu!
   5452355 ;       758 ;         E ;     60000 ;        ? ;   Entrou!
   5489510 ;       758 ;         E ;     60000 ;     37155 ; Saiu!
   5452385 ;       760 ;         S ;     50000 ;        ? ;   Entrou!
   5442320 ;       757 ;         W ;     60000 ;        ? ;   Entrou!
   5452372 ;       759 ;         E ;     20000 ;        ? ;   Cheio!
   5462458 ;       761 ;         N ;     20000 ;        ? ;   Cheio!
   5472495 ;       762 ;         E ;     30000 ;        ? ;   Cheio!
   5492523 ;       763 ;         N ;     50000 ;        ? ;   Entrou!
   5515127 ;       760 ;         S ;     50000 ;     62742 ; Saiu!
   5508483 ;       764 ;         W ;     30000 ;        ? ;   Cheio!
   5515999 ;       757 ;         W ;     60000 ;     73679 ; Saiu!
   5536716 ;       763 ;         N ;     50000 ;     44193 ; Saiu!
   5522583 ;       765 ;         E ;     70000 ;        ? ;   Entrou!
   5567788 ;       765 ;         E ;     70000 ;     45205 ; Saiu!
   5522635 ;       766 ;         E ;    100000 ;        ? ;   Entrou!
   5542629 ;       767 ;         E ;     50000 ;        ? ;   Entrou!
   5572960 ;       773 ;         W ;    100000 ;        ? ;   Cheio!
   5542668 ;       769 ;         N ;     10000 ;        ? ;   Cheio!
   5542717 ;       770 ;         N ;     50000 ;        ? ;   Cheio!
   5552791 ;       771 ;         E ;     50000 ;        ? ;   Cheio!
   5609763 ;       766 ;         E ;    100000 ;     87128 ; Saiu!
   5572880 ;       772 ;         S ;    100000 ;        ? ;   Entrou!
   5660160 ;       772 ;         S ;    100000 ;     87280 ; Saiu!
   5582989 ;       774 ;         E ;     80000 ;        ? ;   Entrou!
   5583031 ;       775 ;         S ;     40000 ;        ? ;   Entrou!
   5661682 ;       767 ;         E ;     50000 ;    119053 ; Saiu!
   5593059 ;       776 ;         N ;     40000 ;        ? ;   Cheio!
   5663675 ;       790 ;         E ;     70000 ;        ? ;   Cheio!
   5603214 ;       778 ;         S ;     90000 ;        ? ;   Cheio!
   5603236 ;       779 ;         E ;     70000 ;        ? ;   Cheio!
   5603261 ;       780 ;         W ;     70000 ;        ? ;   Entrou!
   5542646 ;       768 ;         W ;     70000 ;        ? ;   Cheio!
   5613289 ;       781 ;         W ;     60000 ;        ? ;   Cheio!
   5613331 ;       782 ;         S ;     10000 ;        ? ;   Cheio!
   5613355 ;       783 ;         E ;     50000 ;        ? ;   Cheio!
   5683991 ;       792 ;         N ;    100000 ;        ? ;   Cheio!
   5613404 ;       785 ;         S ;     40000 ;        ? ;   Entrou!
   5613429 ;       786 ;         S ;     60000 ;        ? ;   Cheio!
   5623481 ;       787 ;         S ;     80000 ;        ? ;   Cheio!
   5653579 ;       788 ;         E ;     40000 ;        ? ;   Cheio!
   5654289 ;       789 ;         E ;    100000 ;        ? ;   Cheio!
   5704356 ;       774 ;         E ;     80000 ;    121367 ; Saiu!
   5663704 ;       791 ;         N ;     40000 ;        ? ;   Entrou!
   5726820 ;       791 ;         N ;     40000 ;     63116 ; Saiu!
   5726866 ;       775 ;         S ;     40000 ;    143835 ; Saiu!
   5727134 ;       780 ;         W ;     70000 ;    123873 ; Saiu!
   5613380 ;       784 ;         E ;     50000 ;        ? ;   Entrou!
   5730860 ;       785 ;         S ;     40000 ;    117456 ; Saiu!
   5752669 ;       784 ;         E ;     50000 ;    139289 ; Saiu!
   5603151 ;       777 ;         N ;     20000 ;        ? ;   Entrou!
   5764293 ;       777 ;         N ;     20000 ;    161142 ; Saiu!
   5703806 ;       793 ;         E ;     80000 ;        ? ;   Entrou!
   5799622 ;       793 ;         E ;     80000 ;     95816 ; Saiu!
   5733882 ;       796 ;         N ;     30000 ;        ? ;   Entrou!
   5733895 ;       797 ;         N ;     80000 ;        ? ;   Entrou!
   5836458 ;       797 ;         N ;     80000 ;    102563 ; Saiu!
   5753942 ;       799 ;         N ;     10000 ;        ? ;   Entrou!
   5842744 ;       799 ;         N ;     10000 ;     88802 ; Saiu!
   5754195 ;       800 ;         W ;     70000 ;        ? ;   Entrou!
   5875610 ;       800 ;         W ;     70000 ;    121415 ; Saiu!
   5774027 ;       801 ;         N ;     90000 ;        ? ;   Entrou!
   5918078 ;       801 ;         N ;     90000 ;    144051 ; Saiu!
   5774116 ;       803 ;         N ;     30000 ;        ? ;   Entrou!
   5933985 ;       803 ;         N ;     30000 ;    159869 ; Saiu!
   5784210 ;       805 ;         E ;     70000 ;        ? ;   Entrou!
   5753926 ;       798 ;         W ;     90000 ;        ? ;   Entrou!
   5804281 ;       806 ;         W ;     30000 ;        ? ;   Cheio!
   5804327 ;       807 ;         E ;     90000 ;        ? ;   Cheio!
   5804352 ;       808 ;         E ;     20000 ;        ? ;   Cheio!
   5948361 ;       796 ;         N ;     30000 ;    214479 ; Saiu!
   5824426 ;       809 ;         S ;     60000 ;        ? ;   Cheio!
   5713808 ;       794 ;         S ;     40000 ;        ? ;   Cheio!
   5844466 ;       810 ;         S ;     50000 ;        ? ;   Cheio!
   5844498 ;       811 ;         S ;     80000 ;        ? ;   Cheio!
   5733861 ;       795 ;         S ;     40000 ;        ? ;   Cheio!
   5844767 ;       812 ;         S ;     70000 ;        ? ;   Cheio!
   5867018 ;       814 ;         W ;     40000 ;        ? ;   Cheio!
   5864669 ;       813 ;         E ;     90000 ;        ? ;   Entrou!
   5774085 ;       802 ;         W ;     50000 ;        ? ;   Cheio!
   5891957 ;       815 ;         S ;    100000 ;        ? ;   Cheio!
   5894785 ;       816 ;         E ;    100000 ;        ? ;   Cheio!
   5894818 ;       817 ;         W ;     20000 ;        ? ;   Cheio!
   5894847 ;       818 ;         S ;     20000 ;        ? ;   Cheio!
   5894875 ;       819 ;         N ;     50000 ;        ? ;   Cheio!
   5898204 ;       820 ;         N ;    100000 ;        ? ;   Entrou!
   5904974 ;       821 ;         S ;     30000 ;        ? ;   Cheio!
   5905016 ;       822 ;         S ;     30000 ;        ? ;   Cheio!
   5905043 ;       823 ;         E ;     30000 ;        ? ;   Cheio!
   5774145 ;       804 ;         W ;     60000 ;        ? ;   Cheio!
   5925089 ;       824 ;         E ;     60000 ;        ? ;   Cheio!
   5925160 ;       825 ;         S ;     30000 ;        ? ;   Cheio!
   5928845 ;       827 ;         N ;     60000 ;        ? ;   Cheio!
   5925196 ;       826 ;         N ;     30000 ;        ? ;   Cheio!
   5935256 ;       828 ;         S ;    100000 ;        ? ;   Cheio!
   5935288 ;       829 ;         S ;     40000 ;        ? ;   Cheio!
   6008132 ;       805 ;         E ;     70000 ;    223922 ; Saiu!
   5940035 ;       830 ;         N ;     60000 ;        ? ;   Cheio!
   5945391 ;       831 ;         E ;     50000 ;        ? ;   Cheio!
   5945426 ;       832 ;         W ;     10000 ;        ? ;   Cheio!
   5945452 ;       833 ;         E ;     50000 ;        ? ;   Cheio!
   5945481 ;       834 ;         W ;     50000 ;        ? ;   Cheio!
   5945513 ;       835 ;         S ;     40000 ;        ? ;   Cheio!
   5945541 ;       836 ;         W ;     30000 ;        ? ;   Cheio!
   6008924 ;       798 ;         W ;     90000 ;    254998 ; Saiu!
   5965583 ;       837 ;         W ;     50000 ;        ? ;   Entrou!
   6033020 ;       837 ;         W ;     50000 ;     67437 ; Saiu!
   5975843 ;       838 ;         S ;     80000 ;        ? ;   Entrou!
   6069604 ;       838 ;         S ;     80000 ;     93761 ; Saiu!
   5985730 ;       840 ;         E ;     60000 ;        ? ;   Entrou!
   6100350 ;       840 ;         E ;     60000 ;    114620 ; Saiu!
   6005817 ;       842 ;         W ;     40000 ;        ? ;   Entrou!
   6121313 ;       842 ;         W ;     40000 ;    115496 ; Saiu!
   6121398 ;       820 ;         N ;    100000 ;    223194 ; Saiu!
   6121422 ;       813 ;         E ;     90000 ;    256753 ; Saiu!
   6025888 ;       844 ;         E ;     40000 ;        ? ;   Entrou!
   5985687 ;       839 ;         S ;     50000 ;        ? ;   Entrou!
   6035923 ;       845 ;         E ;     30000 ;        ? ;   Cheio!
   6056001 ;       846 ;         N ;     80000 ;        ? ;   Cheio!
   6056026 ;       847 ;         W ;    100000 ;        ? ;   Cheio!
   6066071 ;       848 ;         E ;     90000 ;        ? ;   Cheio!
   6005782 ;       841 ;         W ;     20000 ;        ? ;   Cheio!
   6080395 ;       850 ;         E ;     60000 ;        ? ;   Cheio!
   6076117 ;       849 ;         S ;    100000 ;        ? ;   Cheio!
   6136934 ;       858 ;         S ;     90000 ;        ? ;   Cheio!
   6086229 ;       852 ;         N ;     30000 ;        ? ;   Cheio!
   6086245 ;       853 ;         S ;     70000 ;        ? ;   Entrou!
   6167788 ;       853 ;         S ;     70000 ;     81543 ; Saiu!
   6005855 ;       843 ;         W ;     80000 ;        ? ;   Entrou!
   6209135 ;       843 ;         W ;     80000 ;    203280 ; Saiu!
   6116983 ;       856 ;         N ;     70000 ;        ? ;   Entrou!
   6246909 ;       856 ;         N ;     70000 ;    129926 ; Saiu!
   6246983 ;       844 ;         E ;     40000 ;    221095 ; Saiu!
   6086204 ;       851 ;         N ;    100000 ;        ? ;   S
   6086259 ;       854 ;         N ;     90000 ;        ? ;   Entrou!
   6291484 ;       839 ;         S ;     50000 ;    305797 ; Saiu!
   6330867 ;       854 ;         N ;     90000 ;    244608 ; Saiu!
   6166505 ;       860 ;         W ;     20000 ;        ? ;   Entrou!
   6340211 ;       860 ;         W ;     20000 ;    173706 ; Saiu!
   6166568 ;       862 ;         N ;     90000 ;        ? ;   Entrou!
   6387954 ;       862 ;         N ;     90000 ;    221386 ; Saiu!
   6176650 ;       863 ;         S ;     80000 ;        ? ;   Entrou!
   6186652 ;       864 ;         W ;     80000 ;        ? ;   Entrou!
   6186683 ;       865 ;         W ;     30000 ;        ? ;   Cheio!
   6186727 ;       867 ;         N ;     10000 ;        ? ;   Cheio!
   6186705 ;       866 ;         S ;    100000 ;        ? ;   Cheio!
   6196771 ;       868 ;         S ;    100000 ;        ? ;   Cheio!
   6209776 ;       869 ;         W ;     80000 ;        ? ;   Cheio!
   6126385 ;       857 ;         W ;     50000 ;        ? ;   Cheio!
   6216849 ;       870 ;         S ;     80000 ;        ? ;   Cheio!
   6236913 ;       871 ;         S ;     80000 ;        ? ;   Cheio!
   6236958 ;       872 ;         S ;     60000 ;        ? ;   Cheio!
   6236982 ;       873 ;         E ;     90000 ;        ? ;   Cheio!
   6257024 ;       874 ;         W ;     40000 ;        ? ;   Entrou!
   6267069 ;       875 ;         E ;     70000 ;        ? ;   Entrou!
   6267142 ;       876 ;         S ;     60000 ;        ? ;   Cheio!
   6267195 ;       877 ;         S ;     50000 ;        ? ;   Cheio!
   6267237 ;       878 ;         N ;     20000 ;        ? ;   Cheio!
   6267324 ;       879 ;         E ;     70000 ;        ? ;   Entrou!
   6267368 ;       880 ;         W ;     90000 ;        ? ;   Cheio!
   6267408 ;       881 ;         S ;     80000 ;        ? ;   Cheio!
   6277466 ;       882 ;         S ;     10000 ;        ? ;   Cheio!
   6277500 ;       883 ;         W ;     20000 ;        ? ;   Cheio!
   6277532 ;       884 ;         N ;     90000 ;        ? ;   Entrou!
   6287592 ;       885 ;         N ;    100000 ;        ? ;   Cheio!
   6287630 ;       886 ;         W ;     50000 ;        ? ;   Cheio!
   6287679 ;       887 ;         N ;     20000 ;        ? ;   Cheio!
   6146553 ;       859 ;         E ;    100000 ;        ? ;   Cheio!
   6297684 ;       888 ;         N ;     70000 ;        ? ;   Cheio!
   6307721 ;       889 ;         N ;     90000 ;        ? ;   Cheio!
   6307782 ;       890 ;         S ;    100000 ;        ? ;   Cheio!
   6317857 ;       891 ;         W ;     90000 ;        ? ;   Cheio!
   6318057 ;       892 ;         N ;     30000 ;        ? ;   Cheio!
   6327954 ;       893 ;         N ;     60000 ;        ? ;   Cheio!
   6166547 ;       861 ;         E ;     20000 ;        ? ;   Cheio!
   6106312 ;       855 ;         W ;     10000 ;        ? ;   Cheio!
   6347998 ;       894 ;         N ;     10000 ;        ? ;   Cheio!
   6348017 ;       895 ;         W ;     30000 ;        ? ;   Cheio!
   6368089 ;       896 ;         S ;     80000 ;        ? ;   Entrou!
   6368121 ;       897 ;         W ;     50000 ;        ? ;   Cheio!
   6386119 ;       898 ;         N ;     30000 ;        ? ;   Cheio!
   6495867 ;       896 ;         S ;     80000 ;    127778 ; Saiu!
   6398229 ;       899 ;         W ;     70000 ;        ? ;   Entrou!
   6531594 ;       899 ;         W ;     70000 ;    133365 ; Saiu!
   6398276 ;       901 ;         W ;     10000 ;        ? ;   Entrou!
   6398310 ;       902 ;         W ;     70000 ;        ? ;   Entrou!
   6408350 ;       903 ;         W ;     70000 ;        ? ;   Entrou!
   6408554 ;       904 ;         W ;     10000 ;        ? ;   Cheio!
   6408580 ;       905 ;         S ;     50000 ;        ? ;   Cheio!
   6543259 ;       864 ;         W ;     80000 ;    356607 ; Saiu!
   6543334 ;       874 ;         W ;     40000 ;    286310 ; Saiu!
   6543425 ;       875 ;         E ;     70000 ;    276356 ; Saiu!
   6543458 ;       879 ;         E ;     70000 ;    276134 ; Saiu!
   6438611 ;       906 ;         N ;     20000 ;        ? ;   Cheio!
   6438698 ;       907 ;         S ;     10000 ;        ? ;   Cheio!
   6438736 ;       908 ;         E ;    100000 ;        ? ;   Cheio!
   6438781 ;       909 ;         W ;     90000 ;        ? ;   Cheio!
   6438807 ;       910 ;         E ;     50000 ;        ? ;   Cheio!
   6448849 ;       911 ;         E ;    100000 ;        ? ;   Cheio!
   6554436 ;       884 ;         N ;     90000 ;    276904 ; Saiu!
   6468889 ;       912 ;         S ;     10000 ;        ? ;   Cheio!
   6555777 ;       863 ;         S ;     80000 ;    379127 ; Saiu!
   6478998 ;       913 ;         W ;     80000 ;        ? ;   Cheio!
   6479117 ;       914 ;         S ;     50000 ;        ? ;   Cheio!
   6489198 ;       915 ;         W ;     40000 ;        ? ;   Cheio!
   6489236 ;       916 ;         E ;     40000 ;        ? ;   Cheio!
   6489311 ;       917 ;         N ;     80000 ;        ? ;   Cheio!
   6489392 ;       918 ;         E ;    100000 ;        ? ;   Entrou!
   6596723 ;       918 ;         E ;    100000 ;    107331 ; Saiu!
   6489450 ;       920 ;         W ;     80000 ;        ? ;   Entrou!
   6398256 ;       900 ;         E ;     40000 ;        ? ;   Entrou!
   6509733 ;       921 ;         N ;     70000 ;        ? ;   Cheio!
   6530131 ;       922 ;         S ;     80000 ;        ? ;   Cheio!
   6610074 ;       901 ;         W ;     10000 ;    211798 ; Saiu!
   6610119 ;       902 ;         W ;     70000 ;    211809 ; Saiu!
   6549617 ;       923 ;         E ;     50000 ;        ? ;   Cheio!
   6612322 ;       903 ;         W ;     70000 ;    203972 ; Saiu!
   6489425 ;       919 ;         N ;     60000 ;        ? ;   Cheio!
   6569670 ;       924 ;         N ;     70000 ;        ? ;   Cheio!
   6570707 ;       925 ;         W ;     40000 ;        ? ;   Cheio!
   6589764 ;       926 ;         S ;    100000 ;        ? ;   Cheio!
   6589799 ;       927 ;         S ;     20000 ;        ? ;   Cheio!
   6589847 ;       928 ;         E ;     40000 ;        ? ;   Cheio!
   6593250 ;       929 ;         W ;     30000 ;        ? ;   Cheio!
   6630319 ;       920 ;         W ;     80000 ;    140869 ; Saiu!
   6603589 ;       930 ;         S ;     20000 ;        ? ;   Entrou!
   6610184 ;       931 ;         N ;    100000 ;        ? ;   Entrou!
   6610235 ;       932 ;         S ;     70000 ;        ? ;   Cheio!
   6633129 ;       900 ;         E ;     40000 ;    234873 ; Saiu!
   6630293 ;       933 ;         S ;     20000 ;        ? ;   Cheio!
   6630457 ;       934 ;         S ;     20000 ;        ? ;   Cheio!
   6638105 ;       930 ;         S ;     20000 ;     34516 ; Saiu!
   6633007 ;       935 ;         N ;     90000 ;        ? ;   Entrou!
   6663979 ;       931 ;         N ;    100000 ;     53795 ; Saiu!
   6640966 ;       936 ;         E ;     70000 ;        ? ;   Entrou!
   6698771 ;       936 ;         E ;     70000 ;     57805 ; Saiu!
   6650851 ;       937 ;         W ;     80000 ;        ? ;   Entrou!
   6739018 ;       937 ;         W ;     80000 ;     88167 ; Saiu!
   6660706 ;       939 ;         N ;     80000 ;        ? ;   Entrou!
   6779181 ;       939 ;         N ;     80000 ;    118475 ; Saiu!
   6779284 ;       935 ;         N ;     90000 ;    146277 ; Saiu!
   6671362 ;       941 ;         W ;     90000 ;        ? ;   Entrou!
   6820314 ;       941 ;         W ;     90000 ;    148952 ; Saiu!
   6691163 ;       943 ;         S ;     40000 ;        ? ;   Entrou!
   6839259 ;       943 ;         S ;     40000 ;    148096 ; Saiu!
   6660654 ;       938 ;         E ;     40000 ;        ? ;   Entrou!
   6860806 ;       938 ;         E ;     40000 ;    200152 ; Saiu!
   6731162 ;       946 ;         W ;     90000 ;        ? ;   Entrou!
   6731216 ;       947 ;         E ;     30000 ;        ? ;   Entrou!
   6731270 ;       948 ;         N ;     90000 ;        ? ;   Cheio!
   6660987 ;       940 ;         S ;     30000 ;        ? ;   Cheio!
   6751629 ;       949 ;         N ;     70000 ;        ? ;   Cheio!
   6761533 ;       950 ;         E ;     20000 ;        ? ;   Entrou!
   6680927 ;       942 ;         E ;     60000 ;        ? ;   Cheio!
   6781449 ;       951 ;         E ;     30000 ;        ? ;   Entrou!
   6881773 ;       960 ;         N ;     20000 ;        ? ;   Cheio!
   6881934 ;       963 ;         E ;     40000 ;        ? ;   Cheio!
   6805494 ;       953 ;         E ;     50000 ;        ? ;   Cheio!
   6701004 ;       944 ;         S ;     90000 ;        ? ;   Cheio!
   6826126 ;       954 ;         W ;     60000 ;        ? ;   Cheio!
   6721073 ;       945 ;         W ;     90000 ;        ? ;   Cheio!
   6841628 ;       955 ;         S ;     20000 ;        ? ;   Entrou!
   6905442 ;       955 ;         S ;     20000 ;     63814 ; Saiu!
   6905502 ;       946 ;         W ;     90000 ;    174340 ; Saiu!
   6871712 ;       958 ;         N ;     70000 ;        ? ;   Entrou!
   6942004 ;       958 ;         N ;     70000 ;     70292 ; Saiu!
   6942072 ;       947 ;         E ;     30000 ;    210856 ; Saiu!
   6942161 ;       950 ;         E ;     20000 ;    180628 ; Saiu!
   6871689 ;       957 ;         N ;     10000 ;        ? ;   Entrou!
   6947731 ;       957 ;         N ;     10000 ;     76042 ; Saiu!
   6801496 ;       952 ;         W ;     90000 ;        ? ;   Entrou!
   6881876 ;       962 ;         W ;     70000 ;        ? ;   Entrou!
   6948299 ;       951 ;         E ;     30000 ;    166850 ; Saiu!
   6861772 ;       956 ;         W ;     30000 ;        ? ;   Cheio!
   6901974 ;       964 ;         S ;     10000 ;        ? ;   Cheio!
   6902226 ;       965 ;         W ;     60000 ;        ? ;   Cheio!
   6871729 ;       959 ;         S ;     60000 ;        ? ;   Cheio!
   6912439 ;       966 ;         N ;     70000 ;        ? ;   Cheio!
   6932445 ;       967 ;         S ;     50000 ;        ? ;   Entrou!
   6995596 ;       967 ;         S ;     50000 ;     63151 ; Saiu!
   6996914 ;       952 ;         W ;     90000 ;    195418 ; Saiu!
   6952083 ;       968 ;         E ;     90000 ;        ? ;   Entrou!
   6972134 ;       969 ;         S ;     10000 ;        ? ;   Entrou!
   6972168 ;       970 ;         E ;     10000 ;        ? ;   Entrou!
   7004718 ;       962 ;         W ;     70000 ;    122842 ; Saiu!
   6881844 ;       961 ;         N ;     40000 ;        ? ;   Cheio!
   6982820 ;       972 ;         N ;     70000 ;        ? ;   Cheio!
   6982210 ;       971 ;         E ;     90000 ;        ? ;   Entrou!
   7043279 ;       971 ;         E ;     90000 ;     61069 ; Saiu!
   7002256 ;       973 ;         W ;     10000 ;        ? ;   Entrou!
   7051012 ;       973 ;         W ;     10000 ;     48756 ; Saiu!
   7002323 ;       975 ;         S ;     20000 ;        ? ;   Entrou!
   7051945 ;       969 ;         S ;     10000 ;     79811 ; Saiu!
   7052086 ;       970 ;         E ;     10000 ;     79918 ; Saiu!
   7052134 ;       968 ;         E ;     90000 ;    100051 ; Saiu!
   7022369 ;       976 ;         N ;     60000 ;        ? ;   Entrou!
   7052843 ;       984 ;         W ;     20000 ;        ? ;   Entrou!
   7032484 ;       978 ;         W ;     30000 ;        ? ;   Cheio!
   7032565 ;       979 ;         S ;    100000 ;        ? ;   Entrou!
   7032611 ;       980 ;         N ;     60000 ;        ? ;   Cheio!
   7032662 ;       981 ;         W ;     20000 ;        ? ;   Cheio!
   7032695 ;       982 ;         W ;     20000 ;        ? ;   Cheio!
   7002278 ;       974 ;         N ;     60000 ;        ? ;   Entrou!
   7068057 ;       975 ;         S ;     20000 ;     65734 ; Saiu!
   7088181 ;       974 ;         N ;     60000 ;     85903 ; Saiu!
   7032439 ;       977 ;         E ;     90000 ;        ? ;   Entrou!
   7088961 ;       976 ;         N ;     60000 ;     66592 ; Saiu!
   7130382 ;       977 ;         E ;     90000 ;     97943 ; Saiu!
   7072895 ;       985 ;         N ;     30000 ;        ? ;   Entrou!
   7134385 ;       979 ;         S ;    100000 ;    101820 ; Saiu!
   7052727 ;       983 ;         W ;     80000 ;        ? ;   Entrou!
   7093933 ;       986 ;         S ;    100000 ;        ? ;   Cheio!
   7136616 ;       984 ;         W ;     20000 ;     83773 ; Saiu!
   7102979 ;       987 ;         N ;     80000 ;        ? ;   Cheio!
   7103008 ;       988 ;         S ;     50000 ;        ? ;   Cheio!
   7113049 ;       989 ;         S ;     10000 ;        ? ;   Cheio!
   7123123 ;       990 ;         S ;     30000 ;        ? ;   Cheio!
   7123164 ;       991 ;         S ;    100000 ;        ? ;   Cheio!
   7133206 ;       992 ;         E ;     10000 ;        ? ;   Cheio!
   7144061 ;       985 ;         N ;     30000 ;     71166 ; Saiu!
   7153743 ;       993 ;         E ;     90000 ;        ? ;   Entrou!
   7193582 ;       993 ;         E ;     90000 ;     39839 ; Saiu!
   7163317 ;       994 ;         S ;     20000 ;        ? ;   Entrou!
   7193878 ;      1002 ;         E ;     10000 ;        ? ;   Entrou!
   7194943 ;      1002 ;         E ;     10000 ;      1065 ; Saiu!
   7163402 ;       997 ;         N ;     70000 ;        ? ;   Entrou!
   7230637 ;       997 ;         N ;     70000 ;     67235 ; Saiu!
   7230843 ;       983 ;         W ;     80000 ;    178116 ; Saiu!
   7173644 ;       999 ;         E ;     40000 ;        ? ;   Entrou!
   7193747 ;      1000 ;         W ;     60000 ;        ? ;   Entrou!
   7193800 ;      1001 ;         S ;     30000 ;        ? ;   Cheio!
   7242775 ;       994 ;         S ;     20000 ;     79458 ; Saiu!
   7163344 ;       995 ;         W ;     80000 ;        ? ;   Cheio!
   7193955 ;      1003 ;         E ;    100000 ;        ? ;   Cheio!
   7163362 ;       996 ;         N ;     50000 ;        ? ;   Cheio!
   7163429 ;       998 ;         N ;     50000 ;        ? ;   Cheio!
   7197276 ;      1004 ;         E ;     10000 ;        ? ;   Cheio!
   7205109 ;      1006 ;         N ;     80000 ;        ? ;   Cheio!
   7204077 ;      1005 ;         S ;    100000 ;        ? ;   Cheio!
   7224243 ;      1007 ;         S ;     40000 ;        ? ;   Entrou!
   7265319 ;      1007 ;         S ;     40000 ;     41076 ; Saiu!
   7265408 ;      1000 ;         W ;     60000 ;     71661 ; Saiu!
   7265459 ;       999 ;         E ;     40000 ;     91815 ; Saiu!
   7254168 ;      1009 ;         E ;    100000 ;        ? ;   Entrou!
   7244240 ;      1008 ;         N ;     20000 ;        ? ;   Entrou!
   7254291 ;      1010 ;         N ;     50000 ;        ? ;   Cheio!
   7254312 ;      1011 ;         W ;     40000 ;        ? ;   Cheio!
   7313632 ;      1009 ;         E ;    100000 ;     59464 ; Saiu!
   7313761 ;      1008 ;         N ;     20000 ;     69521 ; Saiu!
   7277504 ;      1012 ;         S ;    100000 ;        ? ;   Entrou!
   7363329 ;      1012 ;         S ;    100000 ;     85825 ; Saiu!
   7284608 ;      1015 ;         W ;     50000 ;        ? ;   Entrou!
   7284425 ;      1014 ;         N ;    100000 ;        ? ;   Entrou!
   7304481 ;      1016 ;         N ;     40000 ;        ? ;   Cheio!
   7284396 ;      1013 ;         S ;     60000 ;        ? ;   Cheio!
   7324535 ;      1017 ;         N ;     90000 ;        ? ;   Cheio!
   7324912 ;      1019 ;         N ;     80000 ;        ? ;   Cheio!
   7324560 ;      1018 ;         E ;     30000 ;        ? ;   Cheio!
   7334656 ;      1020 ;         W ;     80000 ;        ? ;   Cheio!
   7354726 ;      1021 ;         E ;     30000 ;        ? ;   Cheio!
   7355825 ;      1022 ;         S ;    100000 ;        ? ;   Cheio!
   7380863 ;      1015 ;         W ;     50000 ;     96255 ; Saiu!
   7364785 ;      1023 ;         E ;     20000 ;        ? ;   Entrou!
   7386451 ;      1023 ;         E ;     20000 ;     21666 ; Saiu!
   7364845 ;      1025 ;         S ;     70000 ;        ? ;   Entrou!
   7374886 ;      1026 ;         W ;     40000 ;        ? ;   Cheio!
   7375206 ;      1027 ;         S ;    100000 ;        ? ;   Cheio!
   7399954 ;      1014 ;         N ;    100000 ;    115529 ; Saiu!
   7364822 ;      1024 ;         S ;     80000 ;        ? ;   Entrou!
   7432643 ;      1024 ;         S ;     80000 ;     67821 ; Saiu!
   7394937 ;      1028 ;         S ;     40000 ;        ? ;   Entrou!
   7453464 ;      1028 ;         S ;     40000 ;     58527 ; Saiu!
   7453686 ;      1025 ;         S ;     70000 ;     88841 ; Saiu!
   7415019 ;      1030 ;         S ;     70000 ;        ? ;   Entrou!
   7490534 ;      1030 ;         S ;     70000 ;     75515 ; Saiu!
